Log file open, 12/13/20 16:05:34
LogWindows: Failed to load 'aqProf.dll' (GetLastError=126)
LogWindows: File 'aqProf.dll' does not exist
LogWindows: Failed to load 'VtuneApi.dll' (GetLastError=126)
LogWindows: File 'VtuneApi.dll' does not exist
LogWindows: Failed to load 'VtuneApi32e.dll' (GetLastError=126)
LogWindows: File 'VtuneApi32e.dll' does not exist
LogConsoleResponse: Display: Failed to find resolution value strings in scalability ini. Falling back to default.
LogInit: Display: Running engine for game: Level1_EmiliaSieńko
LogPakFile: Registered encryption key '00000000000000000000000000000000': 0 pak files mounted, 0 remain pending
LogPlatformFile: Not using cached read wrapper
LogTaskGraph: Started task graph with 5 named threads and 20 total threads with 3 sets of task threads.
LogStats: Stats thread started at 0.342133
LogD3D11RHI: Loaded GFSDK_Aftermath_Lib.x64.dll
LogICUInternationalization: ICU TimeZone Detection - Raw Offset: +1:00, Platform Override: ''
LogPluginManager: Mounting plugin Paper2D
LogPluginManager: Mounting plugin AISupport
LogPluginManager: Mounting plugin LightPropagationVolume
LogPluginManager: Mounting plugin ActorLayerUtilities
LogPluginManager: Mounting plugin CLionSourceCodeAccess
LogPluginManager: Mounting plugin CodeLiteSourceCodeAccess
LogPluginManager: Mounting plugin GitSourceControl
LogPluginManager: Mounting plugin KDevelopSourceCodeAccess
LogPluginManager: Mounting plugin NullSourceCodeAccess
LogPluginManager: Mounting plugin PerforceSourceControl
LogPluginManager: Mounting plugin SubversionSourceControl
LogPluginManager: Mounting plugin UObjectPlugin
LogPluginManager: Mounting plugin VisualStudioCodeSourceCodeAccess
LogPluginManager: Mounting plugin VisualStudioSourceCodeAccess
LogPluginManager: Mounting plugin XCodeSourceCodeAccess
LogPluginManager: Mounting plugin AssetManagerEditor
LogPluginManager: Mounting plugin CryptoKeys
LogPluginManager: Mounting plugin DataValidation
LogPluginManager: Mounting plugin FacialAnimation
LogPluginManager: Mounting plugin GameplayTagsEditor
LogPluginManager: Mounting plugin MacGraphicsSwitching
LogPluginManager: Mounting plugin MeshEditor
LogPluginManager: Mounting plugin MobileLauncherProfileWizard
LogPluginManager: Mounting plugin PluginBrowser
LogPluginManager: Mounting plugin SpeedTreeImporter
LogPluginManager: Mounting plugin DatasmithContent
LogPluginManager: Mounting plugin VariantManagerContent
LogPluginManager: Mounting plugin AlembicImporter
LogPluginManager: Mounting plugin AppleImageUtils
LogPluginManager: Mounting plugin AppleVision
LogPluginManager: Mounting plugin BackChannel
LogPluginManager: Mounting plugin CharacterAI
LogPluginManager: Mounting plugin GeometryCache
LogPluginManager: Mounting plugin HTML5Networking
LogPluginManager: Mounting plugin ProxyLODPlugin
LogPluginManager: Mounting plugin MagicLeap
LogPluginManager: Mounting plugin MagicLeapMedia
LogPluginManager: Mounting plugin AndroidMedia
LogPluginManager: Mounting plugin AvfMedia
LogPluginManager: Mounting plugin ImgMedia
LogPluginManager: Mounting plugin LinearTimecode
LogPluginManager: Mounting plugin MediaCompositing
LogPluginManager: Mounting plugin MediaPlayerEditor
LogPluginManager: Mounting plugin WebMMedia
LogPluginManager: Mounting plugin WmfMedia
LogPluginManager: Mounting plugin TcpMessaging
LogPluginManager: Mounting plugin UdpMessaging
LogPluginManager: Mounting plugin ActorSequence
LogPluginManager: Mounting plugin LevelSequenceEditor
LogPluginManager: Mounting plugin MatineeToLevelSequence
LogPluginManager: Mounting plugin NetcodeUnitTest
LogPluginManager: Mounting plugin NUTUnrealEngine4
LogPluginManager: Mounting plugin OnlineSubsystemGooglePlay
LogPluginManager: Mounting plugin OnlineSubsystemIOS
LogPluginManager: Mounting plugin OnlineSubsystem
LogPluginManager: Mounting plugin OnlineSubsystemNull
LogPluginManager: Mounting plugin OnlineSubsystemUtils
LogPluginManager: Mounting plugin LauncherChunkInstaller
LogPluginManager: Mounting plugin AndroidDeviceProfileSelector
LogPluginManager: Mounting plugin AndroidMoviePlayer
LogPluginManager: Mounting plugin AndroidPermission
LogPluginManager: Mounting plugin AppleMoviePlayer
LogPluginManager: Mounting plugin ArchVisCharacter
LogPluginManager: Mounting plugin AudioCapture
LogPluginManager: Mounting plugin CableComponent
LogPluginManager: Mounting plugin CustomMeshComponent
LogPluginManager: Mounting plugin EditableMesh
LogPluginManager: Mounting plugin ExampleDeviceProfileSelector
LogPluginManager: Mounting plugin Firebase
LogPluginManager: Mounting plugin GoogleCloudMessaging
LogPluginManager: Mounting plugin IOSDeviceProfileSelector
LogPluginManager: Mounting plugin LinuxDeviceProfileSelector
LogPluginManager: Mounting plugin LocationServicesBPLibrary
LogPluginManager: Mounting plugin MobilePatchingUtils
LogPluginManager: Mounting plugin OculusVR
LogPluginManager: Mounting plugin PhysXVehicles
LogPluginManager: Mounting plugin ProceduralMeshComponent
LogPluginManager: Mounting plugin RuntimePhysXCooking
LogPluginManager: Mounting plugin SteamVR
LogPluginManager: Mounting plugin WebMMoviePlayer
LogPluginManager: Mounting plugin WindowsMoviePlayer
LogStreaming: Display: Took  0.139s to configure plugins.
LogInit: Using libcurl 7.55.1-DEV
LogInit:  - built for x86_64-pc-win32
LogInit:  - supports SSL with OpenSSL/1.0.2h
LogInit:  - supports HTTP deflate (compression) using libz 1.2.8
LogInit:  - other features:
LogInit:      CURL_VERSION_SSL
LogInit:      CURL_VERSION_LIBZ
LogInit:      CURL_VERSION_IPV6
LogInit:      CURL_VERSION_ASYNCHDNS
LogInit:      CURL_VERSION_LARGEFILE
LogInit:      CURL_VERSION_IDN
LogInit:  CurlRequestOptions (configurable via config and command line):
LogInit:  - bVerifyPeer = true  - Libcurl will verify peer certificate
LogInit:  - bUseHttpProxy = false  - Libcurl will NOT use HTTP proxy
LogInit:  - bDontReuseConnections = false  - Libcurl will reuse connections
LogInit:  - MaxHostConnections = 16  - Libcurl will limit the number of connections to a host
LogInit:  - LocalHostAddr = Default
LogInit:  - BufferSize = 65536
LogInit: WinSock: version 1.1 (2.2), MaxSocks=32767, MaxUdp=65467
LogInit: Build: ++UE4+Release-4.21-CL-4753647
LogInit: Engine Version: 4.21.2-4753647+++UE4+Release-4.21
LogInit: Compatible Engine Version: 4.21.0-4541578+++UE4+Release-4.21
LogInit: Net CL: 4541578
LogInit: OS: Windows 10 (), CPU: Intel(R) Core(TM) i5-8600K CPU @ 3.60GHz, GPU: NVIDIA GeForce GTX 1050 Ti
LogInit: Compiled (64-bit): Jan 19 2019 02:07:31
LogInit: Compiled with Visual C++: 19.13.26129.00
LogInit: Build Configuration: Development
LogInit: Branch Name: ++UE4+Release-4.21
LogInit: Command Line: 
LogInit: Base Directory: F:/Programy/Epic Games/UE_4.21/Engine/Binaries/Win64/
LogInit: Installed Engine Build: 1
LogDevObjectVersion: Number of dev versions registered: 22
LogDevObjectVersion:   Dev-Blueprints (B0D832E4-1F89-4F0D-ACCF-7EB736FD4AA2): 10
LogDevObjectVersion:   Dev-Build (E1C64328-A22C-4D53-A36C-8E866417BD8C): 0
LogDevObjectVersion:   Dev-Core (375EC13C-06E4-48FB-B500-84F0262A717E): 2
LogDevObjectVersion:   Dev-Editor (E4B068ED-F494-42E9-A231-DA0B2E46BB41): 26
LogDevObjectVersion:   Dev-Framework (CFFC743F-43B0-4480-9391-14DF171D2073): 34
LogDevObjectVersion:   Dev-Mobile (B02B49B5-BB20-44E9-A304-32B752E40360): 2
LogDevObjectVersion:   Dev-Networking (A4E4105C-59A1-49B5-A7C5-40C4547EDFEE): 0
LogDevObjectVersion:   Dev-Online (39C831C9-5AE6-47DC-9A44-9C173E1C8E7C): 0
LogDevObjectVersion:   Dev-Physics (78F01B33-EBEA-4F98-B9B4-84EACCB95AA2): 0
LogDevObjectVersion:   Dev-Platform (6631380F-2D4D-43E0-8009-CF276956A95A): 0
LogDevObjectVersion:   Dev-Rendering (12F88B9F-8875-4AFC-A67C-D90C383ABD29): 27
LogDevObjectVersion:   Dev-Sequencer (7B5AE74C-D270-4C10-A958-57980B212A5A): 9
LogDevObjectVersion:   Dev-VR (D7296918-1DD6-4BDD-9DE2-64A83CC13884): 2
LogDevObjectVersion:   Dev-LoadTimes (C2A15278-BFE7-4AFE-6C17-90FF531DF755): 1
LogDevObjectVersion:   Private-Geometry (6EACA3D4-40EC-4CC1-B786-8BED09428FC5): 3
LogDevObjectVersion:   Dev-AnimPhys (29E575DD-E0A3-4627-9D10-D276232CDCEA): 17
LogDevObjectVersion:   Dev-Anim (AF43A65D-7FD3-4947-9873-3E8ED9C1BB05): 2
LogDevObjectVersion:   Dev-ReflectionCapture (6B266CEC-1EC7-4B8F-A30B-E4D90942FC07): 1
LogDevObjectVersion:   Dev-Automation (0DF73D61-A23F-47EA-B727-89E90C41499A): 1
LogDevObjectVersion:   FortniteMain (601D1886-AC64-4F84-AA16-D3DE0DEAC7D6): 17
LogDevObjectVersion:   Dev-Enterprise (9DFFBCD6-494F-0158-E221-12823C92A888): 4
LogDevObjectVersion:   Dev-Niagara (F2AED0AC-9AFE-416F-8664-AA7FFA26D6FC): 1
LogStreaming: Display: Took  0.000s to delete old logs.
LogInit: Presizing for max 8388607 objects, including 0 objects not considered by GC, pre-allocating 0 bytes for permanent pool.
LogInit: Object subsystem initialized
LogConfig: Setting CVar [[con.DebugEarlyDefault:1]]
LogConfig: Setting CVar [[r.setres:1280x720]]
[2020.12.13-15.05.34:935][  0]LogConfig: Setting CVar [[r.VSync:0]]
[2020.12.13-15.05.34:935][  0]LogConfig: Setting CVar [[r.RHICmdBypass:0]]
[2020.12.13-15.05.34:935][  0]LogConfig: Applying CVar settings from Section [/Script/Engine.RendererSettings] File [F:/pliki/Sourcetree projects/programowanie/Level1/Saved/Config/Windows/Engine.ini]
[2020.12.13-15.05.34:935][  0]LogConfig: Setting CVar [[r.GPUCrashDebugging:0]]
[2020.12.13-15.05.34:935][  0]LogConfig: Applying CVar settings from Section [/Script/Engine.RendererOverrideSettings] File [F:/pliki/Sourcetree projects/programowanie/Level1/Saved/Config/Windows/Engine.ini]
[2020.12.13-15.05.34:935][  0]LogConfig: Applying CVar settings from Section [/Script/Engine.StreamingSettings] File [F:/pliki/Sourcetree projects/programowanie/Level1/Saved/Config/Windows/Engine.ini]
[2020.12.13-15.05.34:935][  0]LogConfig: Setting CVar [[s.MinBulkDataSizeForAsyncLoading:131072]]
[2020.12.13-15.05.34:935][  0]LogConfig: Setting CVar [[s.AsyncLoadingThreadEnabled:0]]
[2020.12.13-15.05.34:935][  0]LogConfig: Setting CVar [[s.EventDrivenLoaderEnabled:1]]
[2020.12.13-15.05.34:935][  0]LogConfig: Setting CVar [[s.WarnIfTimeLimitExceeded:0]]
[2020.12.13-15.05.34:935][  0]LogConfig: Setting CVar [[s.TimeLimitExceededMultiplier:1.5]]
[2020.12.13-15.05.34:935][  0]LogConfig: Setting CVar [[s.TimeLimitExceededMinTime:0.005]]
[2020.12.13-15.05.34:935][  0]LogConfig: Setting CVar [[s.UseBackgroundLevelStreaming:1]]
[2020.12.13-15.05.34:935][  0]LogConfig: Setting CVar [[s.PriorityAsyncLoadingExtraTime:15.0]]
[2020.12.13-15.05.34:935][  0]LogConfig: Setting CVar [[s.LevelStreamingActorsUpdateTimeLimit:5.0]]
[2020.12.13-15.05.34:935][  0]LogConfig: Setting CVar [[s.PriorityLevelStreamingActorsUpdateExtraTime:5.0]]
[2020.12.13-15.05.34:935][  0]LogConfig: Setting CVar [[s.LevelStreamingComponentsRegistrationGranularity:10]]
[2020.12.13-15.05.34:935][  0]LogConfig: Setting CVar [[s.UnregisterComponentsTimeLimit:1.0]]
[2020.12.13-15.05.34:935][  0]LogConfig: Setting CVar [[s.LevelStreamingComponentsUnregistrationGranularity:5]]
[2020.12.13-15.05.34:935][  0]LogConfig: Applying CVar settings from Section [/Script/Engine.GarbageCollectionSettings] File [F:/pliki/Sourcetree projects/programowanie/Level1/Saved/Config/Windows/Engine.ini]
[2020.12.13-15.05.34:935][  0]LogConfig: Setting CVar [[gc.MaxObjectsNotConsideredByGC:1]]
[2020.12.13-15.05.34:935][  0]LogConfig: Setting CVar [[gc.SizeOfPermanentObjectPool:0]]
[2020.12.13-15.05.34:935][  0]LogConfig: Setting CVar [[gc.FlushStreamingOnGC:0]]
[2020.12.13-15.05.34:935][  0]LogConfig: Setting CVar [[gc.NumRetriesBeforeForcingGC:10]]
[2020.12.13-15.05.34:935][  0]LogConfig: Setting CVar [[gc.AllowParallelGC:1]]
[2020.12.13-15.05.34:935][  0]LogConfig: Setting CVar [[gc.TimeBetweenPurgingPendingKillObjects:61.1]]
[2020.12.13-15.05.34:935][  0]LogConfig: Setting CVar [[gc.MaxObjectsInEditor:8388607]]
[2020.12.13-15.05.34:935][  0]LogConfig: Setting CVar [[gc.IncrementalBeginDestroyEnabled:1]]
[2020.12.13-15.05.34:935][  0]LogConfig: Setting CVar [[gc.CreateGCClusters:1]]
[2020.12.13-15.05.34:935][  0]LogConfig: Setting CVar [[gc.MergeGCClusters:0]]
[2020.12.13-15.05.34:935][  0]LogConfig: Setting CVar [[gc.MinGCClusterSize:5]]
[2020.12.13-15.05.34:935][  0]LogConfig: Setting CVar [[gc.ActorClusteringEnabled:0]]
[2020.12.13-15.05.34:935][  0]LogConfig: Setting CVar [[gc.BlueprintClusteringEnabled:0]]
[2020.12.13-15.05.34:935][  0]LogConfig: Setting CVar [[gc.UseDisregardForGCOnDedicatedServers:0]]
[2020.12.13-15.05.34:935][  0]LogConfig: Applying CVar settings from Section [/Script/Engine.NetworkSettings] File [F:/pliki/Sourcetree projects/programowanie/Level1/Saved/Config/Windows/Engine.ini]
[2020.12.13-15.05.34:935][  0]LogConfig: Applying CVar settings from Section [/Script/UnrealEd.CookerSettings] File [F:/pliki/Sourcetree projects/programowanie/Level1/Saved/Config/Windows/Engine.ini]
[2020.12.13-15.05.34:938][  0]LogConfig: Applying CVar settings from Section [ViewDistanceQuality@3] File [F:/pliki/Sourcetree projects/programowanie/Level1/Saved/Config/Windows/Scalability.ini]
[2020.12.13-15.05.34:938][  0]LogConfig: Setting CVar [[r.SkeletalMeshLODBias:0]]
[2020.12.13-15.05.34:938][  0]LogConfig: Setting CVar [[r.ViewDistanceScale:1.0]]
[2020.12.13-15.05.34:938][  0]LogConfig: Applying CVar settings from Section [AntiAliasingQuality@3] File [F:/pliki/Sourcetree projects/programowanie/Level1/Saved/Config/Windows/Scalability.ini]
[2020.12.13-15.05.34:938][  0]LogConfig: Setting CVar [[r.PostProcessAAQuality:4]]
[2020.12.13-15.05.34:938][  0]LogConfig: Applying CVar settings from Section [ShadowQuality@3] File [F:/pliki/Sourcetree projects/programowanie/Level1/Saved/Config/Windows/Scalability.ini]
[2020.12.13-15.05.34:938][  0]LogConfig: Setting CVar [[r.LightFunctionQuality:1]]
[2020.12.13-15.05.34:938][  0]LogConfig: Setting CVar [[r.ShadowQuality:5]]
[2020.12.13-15.05.34:938][  0]LogConfig: Setting CVar [[r.Shadow.CSM.MaxCascades:10]]
[2020.12.13-15.05.34:938][  0]LogConfig: Setting CVar [[r.Shadow.MaxResolution:2048]]
[2020.12.13-15.05.34:938][  0]LogConfig: Setting CVar [[r.Shadow.MaxCSMResolution:2048]]
[2020.12.13-15.05.34:938][  0]LogConfig: Setting CVar [[r.Shadow.RadiusThreshold:0.01]]
[2020.12.13-15.05.34:938][  0]LogConfig: Setting CVar [[r.Shadow.DistanceScale:1.0]]
[2020.12.13-15.05.34:938][  0]LogConfig: Setting CVar [[r.Shadow.CSM.TransitionScale:1.0]]
[2020.12.13-15.05.34:938][  0]LogConfig: Setting CVar [[r.Shadow.PreShadowResolutionFactor:1.0]]
[2020.12.13-15.05.34:938][  0]LogConfig: Setting CVar [[r.DistanceFieldShadowing:1]]
[2020.12.13-15.05.34:938][  0]LogConfig: Setting CVar [[r.DistanceFieldAO:1]]
[2020.12.13-15.05.34:938][  0]LogConfig: Setting CVar [[r.AOQuality:2]]
[2020.12.13-15.05.34:938][  0]LogConfig: Setting CVar [[r.VolumetricFog:1]]
[2020.12.13-15.05.34:938][  0]LogConfig: Setting CVar [[r.VolumetricFog.GridPixelSize:8]]
[2020.12.13-15.05.34:938][  0]LogConfig: Setting CVar [[r.VolumetricFog.GridSizeZ:128]]
[2020.12.13-15.05.34:938][  0]LogConfig: Setting CVar [[r.VolumetricFog.HistoryMissSupersampleCount:4]]
[2020.12.13-15.05.34:938][  0]LogConfig: Setting CVar [[r.LightMaxDrawDistanceScale:1]]
[2020.12.13-15.05.34:938][  0]LogConfig: Setting CVar [[r.CapsuleShadows:1]]
[2020.12.13-15.05.34:938][  0]LogConfig: Applying CVar settings from Section [PostProcessQuality@3] File [F:/pliki/Sourcetree projects/programowanie/Level1/Saved/Config/Windows/Scalability.ini]
[2020.12.13-15.05.34:938][  0]LogConfig: Setting CVar [[r.MotionBlurQuality:4]]
[2020.12.13-15.05.34:938][  0]LogConfig: Setting CVar [[r.AmbientOcclusionMipLevelFactor:0.4]]
[2020.12.13-15.05.34:938][  0]LogConfig: Setting CVar [[r.AmbientOcclusionMaxQuality:100]]
[2020.12.13-15.05.34:938][  0]LogConfig: Setting CVar [[r.AmbientOcclusionLevels:-1]]
[2020.12.13-15.05.34:938][  0]LogConfig: Setting CVar [[r.AmbientOcclusionRadiusScale:1.0]]
[2020.12.13-15.05.34:938][  0]LogConfig: Setting CVar [[r.DepthOfFieldQuality:2]]
[2020.12.13-15.05.34:938][  0]LogConfig: Setting CVar [[r.RenderTargetPoolMin:400]]
[2020.12.13-15.05.34:938][  0]LogConfig: Setting CVar [[r.LensFlareQuality:2]]
[2020.12.13-15.05.34:938][  0]LogConfig: Setting CVar [[r.SceneColorFringeQuality:1]]
[2020.12.13-15.05.34:938][  0]LogConfig: Setting CVar [[r.EyeAdaptationQuality:2]]
[2020.12.13-15.05.34:938][  0]LogConfig: Setting CVar [[r.BloomQuality:5]]
[2020.12.13-15.05.34:938][  0]LogConfig: Setting CVar [[r.FastBlurThreshold:100]]
[2020.12.13-15.05.34:938][  0]LogConfig: Setting CVar [[r.Upscale.Quality:3]]
[2020.12.13-15.05.34:938][  0]LogConfig: Setting CVar [[r.Tonemapper.GrainQuantization:1]]
[2020.12.13-15.05.34:938][  0]LogConfig: Setting CVar [[r.LightShaftQuality:1]]
[2020.12.13-15.05.34:938][  0]LogConfig: Setting CVar [[r.Filter.SizeScale:1]]
[2020.12.13-15.05.34:938][  0]LogConfig: Setting CVar [[r.Tonemapper.Quality:5]]
[2020.12.13-15.05.34:938][  0]LogConfig: Setting CVar [[r.DOF.Gather.AccumulatorQuality:1        ; higher gathering accumulator quality]]
[2020.12.13-15.05.34:938][  0]LogConfig: Setting CVar [[r.DOF.Gather.PostfilterMethod:1          ; Median3x3 postfilering method]]
[2020.12.13-15.05.34:938][  0]LogConfig: Setting CVar [[r.DOF.Gather.EnableBokehSettings:0       ; no bokeh simulation when gathering]]
[2020.12.13-15.05.34:938][  0]LogConfig: Setting CVar [[r.DOF.Gather.RingCount:4                 ; medium number of samples when gathering]]
[2020.12.13-15.05.34:938][  0]LogConfig: Setting CVar [[r.DOF.Scatter.ForegroundCompositing:1    ; additive foreground scattering]]
[2020.12.13-15.05.34:938][  0]LogConfig: Setting CVar [[r.DOF.Scatter.BackgroundCompositing:2    ; additive background scattering]]
[2020.12.13-15.05.34:938][  0]LogConfig: Setting CVar [[r.DOF.Scatter.EnableBokehSettings:1      ; bokeh simulation when scattering]]
[2020.12.13-15.05.34:938][  0]LogConfig: Setting CVar [[r.DOF.Scatter.MaxSpriteRatio:0.1         ; only a maximum of 10% of scattered bokeh]]
[2020.12.13-15.05.34:938][  0]LogConfig: Setting CVar [[r.DOF.Recombine.Quality:1                ; cheap slight out of focus]]
[2020.12.13-15.05.34:938][  0]LogConfig: Setting CVar [[r.DOF.Recombine.EnableBokehSettings:0    ; no bokeh simulation on slight out of focus]]
[2020.12.13-15.05.34:938][  0]LogConfig: Setting CVar [[r.DOF.TemporalAAQuality:1                ; more stable temporal accumulation]]
[2020.12.13-15.05.34:938][  0]LogConfig: Setting CVar [[r.DOF.Kernel.MaxForegroundRadius:0.025]]
[2020.12.13-15.05.34:938][  0]LogConfig: Setting CVar [[r.DOF.Kernel.MaxBackgroundRadius:0.025]]
[2020.12.13-15.05.34:938][  0]LogConfig: Applying CVar settings from Section [TextureQuality@3] File [F:/pliki/Sourcetree projects/programowanie/Level1/Saved/Config/Windows/Scalability.ini]
[2020.12.13-15.05.34:938][  0]LogConfig: Setting CVar [[r.Streaming.MipBias:0]]
[2020.12.13-15.05.34:938][  0]LogConfig: Setting CVar [[r.Streaming.AmortizeCPUToGPUCopy:0]]
[2020.12.13-15.05.34:938][  0]LogConfig: Setting CVar [[r.Streaming.MaxNumTexturesToStreamPerFrame:0]]
[2020.12.13-15.05.34:938][  0]LogConfig: Setting CVar [[r.Streaming.Boost:1]]
[2020.12.13-15.05.34:938][  0]LogConfig: Setting CVar [[r.MaxAnisotropy:8]]
[2020.12.13-15.05.34:938][  0]LogConfig: Setting CVar [[r.Streaming.LimitPoolSizeToVRAM:0]]
[2020.12.13-15.05.34:938][  0]LogConfig: Setting CVar [[r.Streaming.PoolSize:1000]]
[2020.12.13-15.05.34:938][  0]LogConfig: Setting CVar [[r.Streaming.MaxEffectiveScreenSize:0]]
[2020.12.13-15.05.34:939][  0]LogConfig: Applying CVar settings from Section [EffectsQuality@3] File [F:/pliki/Sourcetree projects/programowanie/Level1/Saved/Config/Windows/Scalability.ini]
[2020.12.13-15.05.34:939][  0]LogConfig: Setting CVar [[r.TranslucencyLightingVolumeDim:64]]
[2020.12.13-15.05.34:939][  0]LogConfig: Setting CVar [[r.RefractionQuality:2]]
[2020.12.13-15.05.34:939][  0]LogConfig: Setting CVar [[r.SSR.Quality:3]]
[2020.12.13-15.05.34:939][  0]LogConfig: Setting CVar [[r.SceneColorFormat:4]]
[2020.12.13-15.05.34:939][  0]LogConfig: Setting CVar [[r.DetailMode:2]]
[2020.12.13-15.05.34:939][  0]LogConfig: Setting CVar [[r.TranslucencyVolumeBlur:1]]
[2020.12.13-15.05.34:939][  0]LogConfig: Setting CVar [[r.MaterialQualityLevel:1 ; High quality]]
[2020.12.13-15.05.34:939][  0]LogConfig: Setting CVar [[r.SSS.Scale:1]]
[2020.12.13-15.05.34:939][  0]LogConfig: Setting CVar [[r.SSS.SampleSet:2]]
[2020.12.13-15.05.34:939][  0]LogConfig: Setting CVar [[r.SSS.Quality:1]]
[2020.12.13-15.05.34:939][  0]LogConfig: Setting CVar [[r.SSS.HalfRes:1]]
[2020.12.13-15.05.34:939][  0]LogConfig: Setting CVar [[r.EmitterSpawnRateScale:1.0]]
[2020.12.13-15.05.34:939][  0]LogConfig: Setting CVar [[r.ParticleLightQuality:2]]
[2020.12.13-15.05.34:939][  0]LogConfig: Applying CVar settings from Section [FoliageQuality@3] File [F:/pliki/Sourcetree projects/programowanie/Level1/Saved/Config/Windows/Scalability.ini]
[2020.12.13-15.05.34:939][  0]LogConfig: Setting CVar [[foliage.DensityScale:1.0]]
[2020.12.13-15.05.34:939][  0]LogConfig: Setting CVar [[grass.DensityScale:1.0]]
[2020.12.13-15.05.34:939][  0]LogInit: Selected Device Profile: [Windows]
[2020.12.13-15.05.34:939][  0]LogInit: Applying CVar settings loaded from the selected device profile: [Windows]
[2020.12.13-15.05.34:964][  0]LogHAL: Display: Platform has ~ 16 GB [17123110912 / 17179869184 / 16], which maps to Larger [LargestMinGB=32, LargerMinGB=12, DefaultMinGB=8, SmallerMinGB=6, SmallestMinGB=0)
[2020.12.13-15.05.34:964][  0]LogConfig: Setting CVar [[r.Vulkan.UseRealUBs:1]]
[2020.12.13-15.05.34:964][  0]LogInit: Going up to parent DeviceProfile []
[2020.12.13-15.05.34:964][  0]LogConfig: Applying CVar settings from Section [ViewDistanceQuality@3] File [F:/pliki/Sourcetree projects/programowanie/Level1/Saved/Config/Windows/Scalability.ini]
[2020.12.13-15.05.34:964][  0]LogConfig: Setting CVar [[r.SkeletalMeshLODBias:0]]
[2020.12.13-15.05.34:964][  0]LogConfig: Setting CVar [[r.ViewDistanceScale:1.0]]
[2020.12.13-15.05.34:964][  0]LogConfig: Applying CVar settings from Section [AntiAliasingQuality@3] File [F:/pliki/Sourcetree projects/programowanie/Level1/Saved/Config/Windows/Scalability.ini]
[2020.12.13-15.05.34:964][  0]LogConfig: Setting CVar [[r.PostProcessAAQuality:4]]
[2020.12.13-15.05.34:964][  0]LogConfig: Applying CVar settings from Section [ShadowQuality@3] File [F:/pliki/Sourcetree projects/programowanie/Level1/Saved/Config/Windows/Scalability.ini]
[2020.12.13-15.05.34:964][  0]LogConfig: Setting CVar [[r.LightFunctionQuality:1]]
[2020.12.13-15.05.34:964][  0]LogConfig: Setting CVar [[r.ShadowQuality:5]]
[2020.12.13-15.05.34:964][  0]LogConfig: Setting CVar [[r.Shadow.CSM.MaxCascades:10]]
[2020.12.13-15.05.34:964][  0]LogConfig: Setting CVar [[r.Shadow.MaxResolution:2048]]
[2020.12.13-15.05.34:964][  0]LogConfig: Setting CVar [[r.Shadow.MaxCSMResolution:2048]]
[2020.12.13-15.05.34:964][  0]LogConfig: Setting CVar [[r.Shadow.RadiusThreshold:0.01]]
[2020.12.13-15.05.34:964][  0]LogConfig: Setting CVar [[r.Shadow.DistanceScale:1.0]]
[2020.12.13-15.05.34:964][  0]LogConfig: Setting CVar [[r.Shadow.CSM.TransitionScale:1.0]]
[2020.12.13-15.05.34:964][  0]LogConfig: Setting CVar [[r.Shadow.PreShadowResolutionFactor:1.0]]
[2020.12.13-15.05.34:964][  0]LogConfig: Setting CVar [[r.DistanceFieldShadowing:1]]
[2020.12.13-15.05.34:964][  0]LogConfig: Setting CVar [[r.DistanceFieldAO:1]]
[2020.12.13-15.05.34:964][  0]LogConfig: Setting CVar [[r.AOQuality:2]]
[2020.12.13-15.05.34:964][  0]LogConfig: Setting CVar [[r.VolumetricFog:1]]
[2020.12.13-15.05.34:964][  0]LogConfig: Setting CVar [[r.VolumetricFog.GridPixelSize:8]]
[2020.12.13-15.05.34:964][  0]LogConfig: Setting CVar [[r.VolumetricFog.GridSizeZ:128]]
[2020.12.13-15.05.34:964][  0]LogConfig: Setting CVar [[r.VolumetricFog.HistoryMissSupersampleCount:4]]
[2020.12.13-15.05.34:964][  0]LogConfig: Setting CVar [[r.LightMaxDrawDistanceScale:1]]
[2020.12.13-15.05.34:964][  0]LogConfig: Setting CVar [[r.CapsuleShadows:1]]
[2020.12.13-15.05.34:964][  0]LogConfig: Applying CVar settings from Section [PostProcessQuality@3] File [F:/pliki/Sourcetree projects/programowanie/Level1/Saved/Config/Windows/Scalability.ini]
[2020.12.13-15.05.34:964][  0]LogConfig: Setting CVar [[r.MotionBlurQuality:4]]
[2020.12.13-15.05.34:964][  0]LogConfig: Setting CVar [[r.AmbientOcclusionMipLevelFactor:0.4]]
[2020.12.13-15.05.34:964][  0]LogConfig: Setting CVar [[r.AmbientOcclusionMaxQuality:100]]
[2020.12.13-15.05.34:964][  0]LogConfig: Setting CVar [[r.AmbientOcclusionLevels:-1]]
[2020.12.13-15.05.34:964][  0]LogConfig: Setting CVar [[r.AmbientOcclusionRadiusScale:1.0]]
[2020.12.13-15.05.34:964][  0]LogConfig: Setting CVar [[r.DepthOfFieldQuality:2]]
[2020.12.13-15.05.34:964][  0]LogConfig: Setting CVar [[r.RenderTargetPoolMin:400]]
[2020.12.13-15.05.34:964][  0]LogConfig: Setting CVar [[r.LensFlareQuality:2]]
[2020.12.13-15.05.34:964][  0]LogConfig: Setting CVar [[r.SceneColorFringeQuality:1]]
[2020.12.13-15.05.34:964][  0]LogConfig: Setting CVar [[r.EyeAdaptationQuality:2]]
[2020.12.13-15.05.34:964][  0]LogConfig: Setting CVar [[r.BloomQuality:5]]
[2020.12.13-15.05.34:964][  0]LogConfig: Setting CVar [[r.FastBlurThreshold:100]]
[2020.12.13-15.05.34:965][  0]LogConfig: Setting CVar [[r.Upscale.Quality:3]]
[2020.12.13-15.05.34:965][  0]LogConfig: Setting CVar [[r.Tonemapper.GrainQuantization:1]]
[2020.12.13-15.05.34:965][  0]LogConfig: Setting CVar [[r.LightShaftQuality:1]]
[2020.12.13-15.05.34:965][  0]LogConfig: Setting CVar [[r.Filter.SizeScale:1]]
[2020.12.13-15.05.34:965][  0]LogConfig: Setting CVar [[r.Tonemapper.Quality:5]]
[2020.12.13-15.05.34:965][  0]LogConfig: Setting CVar [[r.DOF.Gather.AccumulatorQuality:1        ; higher gathering accumulator quality]]
[2020.12.13-15.05.34:965][  0]LogConfig: Setting CVar [[r.DOF.Gather.PostfilterMethod:1          ; Median3x3 postfilering method]]
[2020.12.13-15.05.34:965][  0]LogConfig: Setting CVar [[r.DOF.Gather.EnableBokehSettings:0       ; no bokeh simulation when gathering]]
[2020.12.13-15.05.34:965][  0]LogConfig: Setting CVar [[r.DOF.Gather.RingCount:4                 ; medium number of samples when gathering]]
[2020.12.13-15.05.34:965][  0]LogConfig: Setting CVar [[r.DOF.Scatter.ForegroundCompositing:1    ; additive foreground scattering]]
[2020.12.13-15.05.34:965][  0]LogConfig: Setting CVar [[r.DOF.Scatter.BackgroundCompositing:2    ; additive background scattering]]
[2020.12.13-15.05.34:965][  0]LogConfig: Setting CVar [[r.DOF.Scatter.EnableBokehSettings:1      ; bokeh simulation when scattering]]
[2020.12.13-15.05.34:965][  0]LogConfig: Setting CVar [[r.DOF.Scatter.MaxSpriteRatio:0.1         ; only a maximum of 10% of scattered bokeh]]
[2020.12.13-15.05.34:965][  0]LogConfig: Setting CVar [[r.DOF.Recombine.Quality:1                ; cheap slight out of focus]]
[2020.12.13-15.05.34:965][  0]LogConfig: Setting CVar [[r.DOF.Recombine.EnableBokehSettings:0    ; no bokeh simulation on slight out of focus]]
[2020.12.13-15.05.34:965][  0]LogConfig: Setting CVar [[r.DOF.TemporalAAQuality:1                ; more stable temporal accumulation]]
[2020.12.13-15.05.34:965][  0]LogConfig: Setting CVar [[r.DOF.Kernel.MaxForegroundRadius:0.025]]
[2020.12.13-15.05.34:965][  0]LogConfig: Setting CVar [[r.DOF.Kernel.MaxBackgroundRadius:0.025]]
[2020.12.13-15.05.34:965][  0]LogConfig: Applying CVar settings from Section [TextureQuality@3] File [F:/pliki/Sourcetree projects/programowanie/Level1/Saved/Config/Windows/Scalability.ini]
[2020.12.13-15.05.34:965][  0]LogConfig: Setting CVar [[r.Streaming.MipBias:0]]
[2020.12.13-15.05.34:965][  0]LogConfig: Setting CVar [[r.Streaming.AmortizeCPUToGPUCopy:0]]
[2020.12.13-15.05.34:965][  0]LogConfig: Setting CVar [[r.Streaming.MaxNumTexturesToStreamPerFrame:0]]
[2020.12.13-15.05.34:965][  0]LogConfig: Setting CVar [[r.Streaming.Boost:1]]
[2020.12.13-15.05.34:965][  0]LogConfig: Setting CVar [[r.MaxAnisotropy:8]]
[2020.12.13-15.05.34:965][  0]LogConfig: Setting CVar [[r.Streaming.LimitPoolSizeToVRAM:0]]
[2020.12.13-15.05.34:965][  0]LogConfig: Setting CVar [[r.Streaming.PoolSize:1000]]
[2020.12.13-15.05.34:965][  0]LogConfig: Setting CVar [[r.Streaming.MaxEffectiveScreenSize:0]]
[2020.12.13-15.05.34:965][  0]LogConfig: Applying CVar settings from Section [EffectsQuality@3] File [F:/pliki/Sourcetree projects/programowanie/Level1/Saved/Config/Windows/Scalability.ini]
[2020.12.13-15.05.34:965][  0]LogConfig: Setting CVar [[r.TranslucencyLightingVolumeDim:64]]
[2020.12.13-15.05.34:965][  0]LogConfig: Setting CVar [[r.RefractionQuality:2]]
[2020.12.13-15.05.34:965][  0]LogConfig: Setting CVar [[r.SSR.Quality:3]]
[2020.12.13-15.05.34:965][  0]LogConfig: Setting CVar [[r.SceneColorFormat:4]]
[2020.12.13-15.05.34:965][  0]LogConfig: Setting CVar [[r.DetailMode:2]]
[2020.12.13-15.05.34:965][  0]LogConfig: Setting CVar [[r.TranslucencyVolumeBlur:1]]
[2020.12.13-15.05.34:965][  0]LogConfig: Setting CVar [[r.MaterialQualityLevel:1 ; High quality]]
[2020.12.13-15.05.34:965][  0]LogConfig: Setting CVar [[r.SSS.Scale:1]]
[2020.12.13-15.05.34:965][  0]LogConfig: Setting CVar [[r.SSS.SampleSet:2]]
[2020.12.13-15.05.34:965][  0]LogConfig: Setting CVar [[r.SSS.Quality:1]]
[2020.12.13-15.05.34:965][  0]LogConfig: Setting CVar [[r.SSS.HalfRes:1]]
[2020.12.13-15.05.34:965][  0]LogConfig: Setting CVar [[r.EmitterSpawnRateScale:1.0]]
[2020.12.13-15.05.34:965][  0]LogConfig: Setting CVar [[r.ParticleLightQuality:2]]
[2020.12.13-15.05.34:965][  0]LogConfig: Applying CVar settings from Section [FoliageQuality@3] File [F:/pliki/Sourcetree projects/programowanie/Level1/Saved/Config/Windows/Scalability.ini]
[2020.12.13-15.05.34:965][  0]LogConfig: Setting CVar [[foliage.DensityScale:1.0]]
[2020.12.13-15.05.34:965][  0]LogConfig: Setting CVar [[grass.DensityScale:1.0]]
[2020.12.13-15.05.34:965][  0]LogConfig: Applying CVar settings from Section [Startup] File [../../../Engine/Config/ConsoleVariables.ini]
[2020.12.13-15.05.34:965][  0]LogConfig: Setting CVar [[net.UseAdaptiveNetUpdateFrequency:0]]
[2020.12.13-15.05.34:965][  0]LogConfig: Applying CVar settings from Section [ConsoleVariables] File [F:/pliki/Sourcetree projects/programowanie/Level1/Saved/Config/Windows/Engine.ini]
[2020.12.13-15.05.34:965][  0]LogInit: Computer: DESKTOP-6SPMIJ3
[2020.12.13-15.05.34:965][  0]LogInit: User: Emilia
[2020.12.13-15.05.34:965][  0]LogInit: CPU Page size=4096, Cores=6
[2020.12.13-15.05.34:965][  0]LogInit: High frequency timer resolution =10.000000 MHz
[2020.12.13-15.05.34:966][  0]LogMemory: Memory total: Physical=15.9GB (16GB approx)
[2020.12.13-15.05.34:966][  0]LogMemory: Platform Memory Stats for Windows
[2020.12.13-15.05.34:966][  0]LogMemory: Process Physical Memory: 103.47 MB used, 103.47 MB peak
[2020.12.13-15.05.34:966][  0]LogMemory: Process Virtual Memory: 85.36 MB used, 85.36 MB peak
[2020.12.13-15.05.34:966][  0]LogMemory: Physical Memory: 8442.91 MB used,  7886.96 MB free, 16329.87 MB total
[2020.12.13-15.05.34:966][  0]LogMemory: Virtual Memory: 4626.24 MB used,  134213104.00 MB free, 134217728.00 MB total
[2020.12.13-15.05.34:980][  0]LogInit: Using OS detected language (pl-PL).
[2020.12.13-15.05.34:980][  0]LogInit: Using OS detected locale (pl-PL).
[2020.12.13-15.05.34:980][  0]LogTextLocalizationManager: No specific localization for 'pl-PL' exists, so the 'pl' localization will be used.
[2020.12.13-15.05.34:981][  0]LogStreaming: Display: Took  0.002s to InitEngineTextLocalization.
[2020.12.13-15.05.34:981][  0]LogInit: Setting process to per monitor DPI aware
[2020.12.13-15.05.35:006][  0]LogSlate: New Slate User Created.  User Index 0, Is Virtual User: 0
[2020.12.13-15.05.35:006][  0]LogSlate: Slate User Registered.  User Index 0, Is Virtual User: 0
[2020.12.13-15.05.35:173][  0]LogHMD: Failed to initialize OpenVR with code 110
[2020.12.13-15.05.35:173][  0]LogD3D11RHI: D3D11 adapters:
[2020.12.13-15.05.35:242][  0]LogD3D11RHI:    0. 'NVIDIA GeForce GTX 1050 Ti' (Feature Level 11_0)
[2020.12.13-15.05.35:242][  0]LogD3D11RHI:       4018/0/8164 MB DedicatedVideo/DedicatedSystem/SharedSystem, Outputs:1, VendorId:0x10de
[2020.12.13-15.05.35:244][  0]LogD3D11RHI:    1. 'Microsoft Basic Render Driver' (Feature Level 11_0)
[2020.12.13-15.05.35:244][  0]LogD3D11RHI:       0/0/8164 MB DedicatedVideo/DedicatedSystem/SharedSystem, Outputs:0, VendorId:0x1414
[2020.12.13-15.05.35:244][  0]LogD3D11RHI: Chosen D3D11 Adapter: 0
[2020.12.13-15.05.35:251][  0]LogD3D11RHI: Creating new Direct3DDevice
[2020.12.13-15.05.35:251][  0]LogD3D11RHI:     GPU DeviceId: 0x1c82 (for the marketing name, search the web for "GPU Device Id")
[2020.12.13-15.05.35:251][  0]LogWindows: EnumDisplayDevices:
[2020.12.13-15.05.35:251][  0]LogWindows:    0. 'NVIDIA GeForce GTX 1050 Ti' (P:1 D:1)
[2020.12.13-15.05.35:252][  0]LogWindows:    1. 'NVIDIA GeForce GTX 1050 Ti' (P:0 D:0)
[2020.12.13-15.05.35:252][  0]LogWindows:    2. 'NVIDIA GeForce GTX 1050 Ti' (P:0 D:0)
[2020.12.13-15.05.35:252][  0]LogWindows:    3. 'NVIDIA GeForce GTX 1050 Ti' (P:0 D:0)
[2020.12.13-15.05.35:252][  0]LogWindows: DebugString: FoundDriverCount:4 
[2020.12.13-15.05.35:252][  0]LogD3D11RHI:     Adapter Name: NVIDIA GeForce GTX 1050 Ti
[2020.12.13-15.05.35:252][  0]LogD3D11RHI:   Driver Version: 445.75 (internal:26.21.14.4575, unified:445.75)
[2020.12.13-15.05.35:252][  0]LogD3D11RHI:      Driver Date: 3-17-2020
[2020.12.13-15.05.35:252][  0]LogRHI: Texture pool is 2812 MB (70% of 4018 MB)
[2020.12.13-15.05.35:303][  0]LogD3D11RHI: Async texture creation enabled
[2020.12.13-15.05.35:320][  0]LogD3D11RHI: GPU Timing Frequency: 1000.000000 (Debug: 2 1)
[2020.12.13-15.05.35:571][  0]LogTemp: Display: Loaded TP AllDesktopTargetPlatform
[2020.12.13-15.05.35:582][  0]LogTemp: Display: Loaded TP MacClientTargetPlatform
[2020.12.13-15.05.35:592][  0]LogTemp: Display: Loaded TP MacNoEditorTargetPlatform
[2020.12.13-15.05.35:603][  0]LogTemp: Display: Loaded TP MacServerTargetPlatform
[2020.12.13-15.05.35:613][  0]LogTemp: Display: Loaded TP MacTargetPlatform
[2020.12.13-15.05.35:624][  0]LogTemp: Display: Loaded TP WindowsClientTargetPlatform
[2020.12.13-15.05.35:634][  0]LogTemp: Display: Loaded TP WindowsNoEditorTargetPlatform
[2020.12.13-15.05.35:645][  0]LogTemp: Display: Loaded TP WindowsServerTargetPlatform
[2020.12.13-15.05.35:650][  0]LogTemp: Display: Loaded TP WindowsTargetPlatform
[2020.12.13-15.05.35:711][  0]LogTemp: Display: Loaded TP AndroidTargetPlatform
[2020.12.13-15.05.35:711][  0]LogTemp: Display: Loaded TP AndroidTargetPlatform
[2020.12.13-15.05.35:711][  0]LogTemp: Display: Loaded TP AndroidTargetPlatform
[2020.12.13-15.05.35:711][  0]LogTemp: Display: Loaded TP AndroidTargetPlatform
[2020.12.13-15.05.35:711][  0]LogTemp: Display: Loaded TP AndroidTargetPlatform
[2020.12.13-15.05.35:711][  0]LogTemp: Display: Loaded TP AndroidTargetPlatform
[2020.12.13-15.05.35:711][  0]LogTemp: Display: Loaded TP AndroidTargetPlatform
[2020.12.13-15.05.35:711][  0]LogTemp: Display: Loaded TP AndroidTargetPlatform
[2020.12.13-15.05.35:711][  0]LogTemp: Display: Loaded TP AndroidTargetPlatform
[2020.12.13-15.05.35:711][  0]LogTemp: Display: Loaded TP AndroidTargetPlatform
[2020.12.13-15.05.35:711][  0]LogTemp: Display: Loaded TP AndroidTargetPlatform
[2020.12.13-15.05.35:711][  0]LogTemp: Display: Loaded TP AndroidTargetPlatform
[2020.12.13-15.05.35:711][  0]LogTemp: Display: Loaded TP AndroidTargetPlatform
[2020.12.13-15.05.35:711][  0]LogTemp: Display: Loaded TP AndroidTargetPlatform
[2020.12.13-15.05.35:711][  0]LogTemp: Display: Loaded TP AndroidTargetPlatform
[2020.12.13-15.05.35:711][  0]LogTemp: Display: Loaded TP AndroidTargetPlatform
[2020.12.13-15.05.35:711][  0]LogTemp: Display: Loaded TP AndroidTargetPlatform
[2020.12.13-15.05.35:711][  0]LogTemp: Display: Loaded TP AndroidTargetPlatform
[2020.12.13-15.05.35:712][  0]LogTemp: Display: Loaded TP HTML5TargetPlatform
[2020.12.13-15.05.35:766][  0]LogTemp: Display: Loaded TP IOSTargetPlatform
[2020.12.13-15.05.35:766][  0]LogTemp: Display: Loaded TP IOSTargetPlatform
[2020.12.13-15.05.35:784][  0]LogTemp: Display: Loaded TP TVOSTargetPlatform
[2020.12.13-15.05.35:784][  0]LogTemp: Display: Loaded TP TVOSTargetPlatform
[2020.12.13-15.05.35:793][  0]LogTemp: Display: Loaded TP LinuxClientTargetPlatform
[2020.12.13-15.05.35:802][  0]LogTemp: Display: Loaded TP LinuxNoEditorTargetPlatform
[2020.12.13-15.05.35:812][  0]LogTemp: Display: Loaded TP LinuxServerTargetPlatform
[2020.12.13-15.05.35:822][  0]LogTemp: Display: Loaded TP LinuxTargetPlatform
[2020.12.13-15.05.35:855][  0]LogTemp: Display: Loaded TP LuminTargetPlatform
[2020.12.13-15.05.35:855][  0]LogTemp: Display: Loaded TP LuminTargetPlatform
[2020.12.13-15.05.35:855][  0]LogTargetPlatformManager: Display: Building Assets For Windows
[2020.12.13-15.05.35:897][  0]LogShaderCompilers: Guid format shader working directory is -18 characters bigger than the processId version (../../../../../../pliki/Sourcetree projects/programowanie/Level1/Intermediate/Shaders/WorkingDirectory/12840/).
[2020.12.13-15.05.35:898][  0]LogShaderCompilers: Cleaned the shader compiler working directory 'C:/Users/Emilia/AppData/Local/Temp/UnrealShaderWorkingDir/5CEF01B64BC34B89613C0FB01C4835E2/'.
[2020.12.13-15.05.35:899][  0]LogXGEController: Cannot use XGE Controller as Incredibuild is not installed on this machine.
[2020.12.13-15.05.35:899][  0]LogShaderCompilers: Cannot use XGE Shader Compiler as Incredibuild is not installed on this machine.
[2020.12.13-15.05.35:899][  0]LogShaderCompilers: Display: Using Local Shader Compiler.
[2020.12.13-15.05.36:335][  0]LogDerivedDataCache: Display: Max Cache Size: 512 MB
[2020.12.13-15.05.36:384][  0]LogDerivedDataCache: Loaded boot cache 0.05s 71MB C:/Users/Emilia/AppData/Local/UnrealEngine/4.21/DerivedDataCache/Boot.ddc.
[2020.12.13-15.05.36:384][  0]LogDerivedDataCache: Display: Loaded Boot cache: C:/Users/Emilia/AppData/Local/UnrealEngine/4.21/DerivedDataCache/Boot.ddc
[2020.12.13-15.05.36:384][  0]LogDerivedDataCache: FDerivedDataBackendGraph:  Pak pak cache file ../../../../../../pliki/Sourcetree projects/programowanie/Level1/DerivedDataCache/DDC.ddp not found, will not use a pak cache.
[2020.12.13-15.05.36:384][  0]LogDerivedDataCache: Unable to find inner node Pak for hierarchical cache Hierarchy.
[2020.12.13-15.05.36:384][  0]LogDerivedDataCache: FDerivedDataBackendGraph:  CompressedPak pak cache file ../../../../../../pliki/Sourcetree projects/programowanie/Level1/DerivedDataCache/Compressed.ddp not found, will not use a pak cache.
[2020.12.13-15.05.36:384][  0]LogDerivedDataCache: Unable to find inner node CompressedPak for hierarchical cache Hierarchy.
[2020.12.13-15.05.36:397][  0]LogDerivedDataCache: Display: Pak cache opened for reading ../../../Engine/DerivedDataCache/Compressed.ddp.
[2020.12.13-15.05.36:397][  0]LogDerivedDataCache: FDerivedDataBackendGraph:  EnterprisePak pak cache file ../../../Enterprise/DerivedDataCache/Compressed.ddp not found, will not use a pak cache.
[2020.12.13-15.05.36:397][  0]LogDerivedDataCache: Unable to find inner node EnterprisePak for hierarchical cache Hierarchy.
[2020.12.13-15.05.36:409][  0]LogDerivedDataCache: Using Local data cache path C:/Users/Emilia/AppData/Local/UnrealEngine/Common/DerivedDataCache: Writable
[2020.12.13-15.05.36:409][  0]LogDerivedDataCache: Shared data cache path not found in *engine.ini, will not use an Shared cache.
[2020.12.13-15.05.36:409][  0]LogDerivedDataCache: Unable to find inner node Shared for hierarchical cache Hierarchy.
[2020.12.13-15.05.36:428][  0]LogMaterial: Verifying Global Shaders for PCD3D_SM5
[2020.12.13-15.05.36:429][  0]LogSlate: Using FreeType 2.6.0
[2020.12.13-15.05.36:433][  0]LogSlate: SlateFontServices - WITH_FREETYPE: 1, WITH_HARFBUZZ: 1
[2020.12.13-15.05.36:512][  0]LogAssetRegistry: FAssetRegistry took 0.0305 seconds to start up
[2020.12.13-15.05.36:752][  0]LogInit: Selected Device Profile: [Windows]
[2020.12.13-15.05.36:863][  0]LogSimplygon: Simplygon DLL not present - disabling.
[2020.12.13-15.05.36:865][  0]LogMeshReduction: Using SimplygonSwarm for distributed automatic mesh merging
[2020.12.13-15.05.36:865][  0]LogMeshReduction: Using ProxyLODMeshReduction for automatic mesh merging
[2020.12.13-15.05.36:865][  0]LogMeshReduction: Using QuadricMeshReduction for automatic static mesh reduction
[2020.12.13-15.05.36:865][  0]LogMeshReduction: No automatic skeletal mesh reduction module available
[2020.12.13-15.05.36:879][  0]LogNetVersion: Level1_EmiliaSieńko 1.0.0, NetCL: 4541578, EngineNetVer: 5, GameNetVer: 0 (Checksum: 3922190603)
[2020.12.13-15.05.37:306][  0]LogPackageLocalizationCache: Processed 11 localized package path(s) for 2 prioritized culture(s) in 0.085589 seconds
[2020.12.13-15.05.37:311][  0]LogUObjectArray: 39775 objects as part of root set at end of initial load.
[2020.12.13-15.05.37:311][  0]LogUObjectAllocator: 6914664 out of 0 bytes used by permanent object pool.
[2020.12.13-15.05.37:311][  0]LogUObjectArray: CloseDisregardForGC: 0/0 objects in disregard for GC pool
[2020.12.13-15.05.38:029][  0]LogTcpMessaging: Initializing TcpMessaging bridge
[2020.12.13-15.05.38:041][  0]LogUdpMessaging: Initializing bridge on interface 0.0.0.0:0 to multicast group 230.0.0.1:6666.
[2020.12.13-15.05.38:650][  0]SourceControl: Source control is disabled
[2020.12.13-15.05.38:650][  0]SourceControl: Source control is disabled
[2020.12.13-15.05.38:651][  0]SourceControl: Source control is disabled
[2020.12.13-15.05.38:651][  0]SourceControl: Source control is disabled
[2020.12.13-15.05.38:789][  0]LogAndroidPermission: UAndroidPermissionCallbackProxy::GetInstance
[2020.12.13-15.05.38:852][  0]LogOcInput: OculusInput pre-init called
[2020.12.13-15.05.38:972][  0]LogEngine: Initializing Engine...
[2020.12.13-15.05.38:972][  0]LogHMD: Failed to initialize OpenVR with code 110
[2020.12.13-15.05.38:973][  0]LogStats: UGameplayTagsManager::ConstructGameplayTagTree: ImportINI prefixes -  0.000 s
[2020.12.13-15.05.38:973][  0]LogStats: UGameplayTagsManager::ConstructGameplayTagTree: Construct from data asset -  0.000 s
[2020.12.13-15.05.38:973][  0]LogStats: UGameplayTagsManager::ConstructGameplayTagTree: ImportINI -  0.000 s
[2020.12.13-15.05.38:973][  0]LogStats: UGameplayTagsManager::ConstructGameplayTagTree: GameplayTagTreeChangedEvent.Broadcast -  0.000 s
[2020.12.13-15.05.39:156][  0]LogInit: Initializing FReadOnlyCVARCache
[2020.12.13-15.05.39:166][  0]LogAIModule: Creating AISystem for world Untitled
[2020.12.13-15.05.39:192][  0]LogInit: XAudio2 using 'Głośniki (Realtek High Definition Audio)' : 2 channels at 48 kHz using 32 bits per sample (channel mask 0x3)
[2020.12.13-15.05.39:223][  0]LogInit: FAudioDevice initialized.
[2020.12.13-15.05.39:223][  0]LogNetVersion: Set ProjectVersion to 1.0.0.0. Version Checksum will be recalculated on next use.
[2020.12.13-15.05.39:279][  0]LogDerivedDataCache: Saved boot cache 0.06s 71MB C:/Users/Emilia/AppData/Local/UnrealEngine/4.21/DerivedDataCache/Boot.ddc.
[2020.12.13-15.05.39:284][  0]LogInit: Texture streaming: Enabled
[2020.12.13-15.05.39:297][  0]LogEngineSessionManager: EngineSessionManager initialized
[2020.12.13-15.05.39:307][  0]LogInit: Transaction tracking system initialized
[2020.12.13-15.05.39:322][  0]BlueprintLog: New page: Editor Load
[2020.12.13-15.05.39:374][  0]LocalizationService: Localization service is disabled
[2020.12.13-15.05.40:444][  0]LogLinker: Warning: Can't find file '/Game/ThirdPersonBP/ThirdPersonOverview'
[2020.12.13-15.05.40:444][  0]LogLinker: Warning: Can't find file '/Game/ThirdPersonBP/ThirdPersonOverview'
[2020.12.13-15.05.40:444][  0]LogUObjectGlobals: Warning: Failed to find object 'Class /Game/ThirdPersonBP/ThirdPersonOverview.ThirdPersonOverview_C'
[2020.12.13-15.05.40:619][  0]LogFileCache: Scanning file cache for directory 'F:/pliki/Sourcetree projects/programowanie/Level1/Content/' took 0.01s
[2020.12.13-15.05.40:619][  0]LogCook: Display: Max memory allowance for cook 16384mb min free memory 0mb
[2020.12.13-15.05.40:619][  0]LogCook: Display: Mobile HDR setting 1
[2020.12.13-15.05.40:619][  0]LogGameplayTags: Display: UGameplayTagsManager::DoneAddingNativeTags. DelegateIsBound: 0
[2020.12.13-15.05.40:619][  0]LogStats: UGameplayTagsManager::ConstructGameplayTagTree: ImportINI prefixes -  0.000 s
[2020.12.13-15.05.40:619][  0]LogStats: UGameplayTagsManager::ConstructGameplayTagTree: Construct from data asset -  0.000 s
[2020.12.13-15.05.40:619][  0]LogStats: UGameplayTagsManager::ConstructGameplayTagTree: ImportINI -  0.000 s
[2020.12.13-15.05.40:619][  0]LogStats: UGameplayTagsManager::ConstructGameplayTagTree: GameplayTagTreeChangedEvent.Broadcast -  0.000 s
[2020.12.13-15.05.40:714][  0]SourceControl: Source control is disabled
[2020.12.13-15.05.40:714][  0]Cmd: MAP LOAD FILE="../../../../../../pliki/Sourcetree projects/programowanie/Level1/Content/StarterContent/Maps/Minimal_Default.umap" TEMPLATE=0 SHOWPROGRESS=1 FEATURELEVEL=3
[2020.12.13-15.05.40:724][  0]LightingResults: New page: Lighting Build
[2020.12.13-15.05.40:726][  0]MapCheck: New page: Map Check
[2020.12.13-15.05.40:726][  0]LightingResults: New page: Lighting Build
[2020.12.13-15.05.41:428][  0]LogAIModule: Creating AISystem for world Minimal_Default
[2020.12.13-15.05.41:434][  0]LogEditorServer: Finished looking for orphan Actors (0.000 secs)
[2020.12.13-15.05.41:452][  0]Cmd: MAP CHECKDEP NOCLEARLOG
[2020.12.13-15.05.41:452][  0]MapCheck: Map check complete: 0 Error(s), 0 Warning(s), took 0,093ms to complete.
[2020.12.13-15.05.41:452][  0]LogFileHelpers: Loading map 'Minimal_Default' took 0.738
[2020.12.13-15.05.41:546][  0]LogSlate: Updating window title bar state: overlay mode, drag disabled, window buttons hidden, title bar hidden
[2020.12.13-15.05.41:552][  0]LogSlate: Updating window title bar state: overlay mode, drag disabled, window buttons hidden, title bar hidden
[2020.12.13-15.05.41:558][  0]LogSlate: Updating window title bar state: overlay mode, drag disabled, window buttons hidden, title bar hidden
[2020.12.13-15.05.41:564][  0]LogSlate: Updating window title bar state: overlay mode, drag disabled, window buttons hidden, title bar hidden
[2020.12.13-15.05.41:587][  0]LogCollectionManager: Loaded 0 collections in 0.001169 seconds
[2020.12.13-15.05.41:601][  0]LogFileCache: Scanning file cache for directory 'F:/pliki/Sourcetree projects/programowanie/Level1/Saved/Collections/' took 0.01s
[2020.12.13-15.05.41:601][  0]LogFileCache: Scanning file cache for directory 'F:/pliki/Sourcetree projects/programowanie/Level1/Content/Developers/Emilia/Collections/' took 0.00s
[2020.12.13-15.05.41:601][  0]LogFileCache: Scanning file cache for directory 'F:/pliki/Sourcetree projects/programowanie/Level1/Content/Collections/' took 0.00s
[2020.12.13-15.05.41:601][  0]LogCollectionManager: Rebuilt the GUID cache for 0 collections in 0.000000 seconds
[2020.12.13-15.05.41:608][  0]LogContentBrowser: Native class hierarchy populated in 0.0068 seconds. Added 2651 classes and 620 folders.
[2020.12.13-15.05.41:613][  0]LogContentBrowser: Native class hierarchy updated for 'WidgetCarousel' in 0.0002 seconds. Added 0 classes and 0 folders.
[2020.12.13-15.05.41:627][  0]LogPakFile: Registered encryption key '00000000000000000000000000000000': 0 pak files mounted, 0 remain pending
[2020.12.13-15.05.41:630][  0]LogPakFile: Registered encryption key '00000000000000000000000000000000': 0 pak files mounted, 0 remain pending
[2020.12.13-15.05.41:631][  0]LogPakFile: Registered encryption key '00000000000000000000000000000000': 0 pak files mounted, 0 remain pending
[2020.12.13-15.05.41:631][  0]LogPakFile: Registered encryption key '00000000000000000000000000000000': 0 pak files mounted, 0 remain pending
[2020.12.13-15.05.41:631][  0]LogPakFile: Registered encryption key '00000000000000000000000000000000': 0 pak files mounted, 0 remain pending
[2020.12.13-15.05.41:632][  0]LogPakFile: Registered encryption key '00000000000000000000000000000000': 0 pak files mounted, 0 remain pending
[2020.12.13-15.05.41:632][  0]LogPakFile: Registered encryption key '00000000000000000000000000000000': 0 pak files mounted, 0 remain pending
[2020.12.13-15.05.41:633][  0]LogPakFile: Registered encryption key '00000000000000000000000000000000': 0 pak files mounted, 0 remain pending
[2020.12.13-15.05.41:633][  0]LogPakFile: Registered encryption key '00000000000000000000000000000000': 0 pak files mounted, 0 remain pending
[2020.12.13-15.05.41:634][  0]LogPakFile: Registered encryption key '00000000000000000000000000000000': 0 pak files mounted, 0 remain pending
[2020.12.13-15.05.41:634][  0]LogPakFile: Registered encryption key '00000000000000000000000000000000': 0 pak files mounted, 0 remain pending
[2020.12.13-15.05.41:635][  0]LogPakFile: Registered encryption key '00000000000000000000000000000000': 0 pak files mounted, 0 remain pending
[2020.12.13-15.05.41:636][  0]LogPakFile: Registered encryption key '00000000000000000000000000000000': 0 pak files mounted, 0 remain pending
[2020.12.13-15.05.41:636][  0]LogPakFile: Registered encryption key '00000000000000000000000000000000': 0 pak files mounted, 0 remain pending
[2020.12.13-15.05.41:637][  0]LogPakFile: Registered encryption key '00000000000000000000000000000000': 0 pak files mounted, 0 remain pending
[2020.12.13-15.05.41:637][  0]LogPakFile: Registered encryption key '00000000000000000000000000000000': 0 pak files mounted, 0 remain pending
[2020.12.13-15.05.41:638][  0]LogPakFile: Registered encryption key '00000000000000000000000000000000': 0 pak files mounted, 0 remain pending
[2020.12.13-15.05.41:638][  0]LogPakFile: Registered encryption key '00000000000000000000000000000000': 0 pak files mounted, 0 remain pending
[2020.12.13-15.05.41:638][  0]LogPakFile: Registered encryption key '00000000000000000000000000000000': 0 pak files mounted, 0 remain pending
[2020.12.13-15.05.41:639][  0]LogPakFile: Registered encryption key '00000000000000000000000000000000': 0 pak files mounted, 0 remain pending
[2020.12.13-15.05.41:639][  0]LogPakFile: Registered encryption key '00000000000000000000000000000000': 0 pak files mounted, 0 remain pending
[2020.12.13-15.05.41:640][  0]LogPakFile: Registered encryption key '00000000000000000000000000000000': 0 pak files mounted, 0 remain pending
[2020.12.13-15.05.41:640][  0]LogPakFile: Registered encryption key '00000000000000000000000000000000': 0 pak files mounted, 0 remain pending
[2020.12.13-15.05.41:641][  0]LogPakFile: Registered encryption key '00000000000000000000000000000000': 0 pak files mounted, 0 remain pending
[2020.12.13-15.05.41:641][  0]LogPakFile: Registered encryption key '00000000000000000000000000000000': 0 pak files mounted, 0 remain pending
[2020.12.13-15.05.41:642][  0]LogPakFile: Registered encryption key '00000000000000000000000000000000': 0 pak files mounted, 0 remain pending
[2020.12.13-15.05.41:673][  0]LogContentBrowser: Native class hierarchy updated for 'AddContentDialog' in 0.0002 seconds. Added 0 classes and 0 folders.
[2020.12.13-15.05.41:677][  0]LogContentBrowser: Native class hierarchy updated for 'SceneOutliner' in 0.0002 seconds. Added 1 classes and 2 folders.
[2020.12.13-15.05.41:699][  0]LogSlate: Took 0.000160 seconds to synchronously load lazily loaded font '../../../Engine/Content/Slate/Fonts/Roboto-Regular.ttf' (155K)
[2020.12.13-15.05.41:701][  0]LogSlate: Took 0.000136 seconds to synchronously load lazily loaded font '../../../Engine/Content/Slate/Fonts/Roboto-Bold.ttf' (160K)
[2020.12.13-15.05.41:705][  0]LogSlate: Took 0.000274 seconds to synchronously load lazily loaded font '../../../Engine/Content/Editor/Slate/Fonts/FontAwesome.ttf' (139K)
[2020.12.13-15.05.41:799][  0]LogRenderer: Reallocating scene render targets to support 1064x616 Format 10 NumSamples 1 (Frame:1).
[2020.12.13-15.05.41:949][  0]LogContentBrowser: Native class hierarchy updated for 'HierarchicalLODOutliner' in 0.0002 seconds. Added 0 classes and 0 folders.
[2020.12.13-15.05.41:949][  0]LogLoad: (Engine Initialization) Total time: 9.80 seconds
[2020.12.13-15.05.41:949][  0]LogLoad: (Engine Initialization) Total Blueprint compile time: 0.00 seconds
[2020.12.13-15.05.42:006][  0]LogContentStreaming: Texture pool size now 1000 MB
[2020.12.13-15.05.42:014][  0]LogSlate: Took 0.000131 seconds to synchronously load lazily loaded font '../../../Engine/Content/Slate/Fonts/Roboto-Light.ttf' (167K)
[2020.12.13-15.05.42:028][  1]LogAssetRegistry: Asset discovery search completed in 5.5385 seconds
[2020.12.13-15.05.42:029][  1]LogCollectionManager: Rebuilt the object cache for 0 collections in 0.000000 seconds (found 0 objects)
[2020.12.13-15.05.42:029][  1]LogCollectionManager: Fixed up redirectors for 0 collections in 0.000037 seconds (updated 0 objects)
[2020.12.13-15.05.42:968][ 91]LogSlate: Took 0.000147 seconds to synchronously load lazily loaded font '../../../Engine/Content/Slate/Fonts/Roboto-Light.ttf' (167K)
[2020.12.13-15.06.02:235][393]LogSlate: FSceneViewport::OnFocusLost() reason 0
[2020.12.13-15.06.02:346][400]LogRenderer: Reallocating scene render targets to support 1068x616 Format 10 NumSamples 1 (Frame:2439).
[2020.12.13-15.06.02:386][401]LogRenderer: Reallocating scene render targets to support 1080x616 Format 10 NumSamples 1 (Frame:2441).
[2020.12.13-15.06.02:425][402]LogRenderer: Reallocating scene render targets to support 1088x616 Format 10 NumSamples 1 (Frame:2443).
[2020.12.13-15.06.02:460][403]LogRenderer: Reallocating scene render targets to support 1096x616 Format 10 NumSamples 1 (Frame:2445).
[2020.12.13-15.06.02:496][404]LogRenderer: Reallocating scene render targets to support 1104x616 Format 10 NumSamples 1 (Frame:2447).
[2020.12.13-15.06.02:533][405]LogRenderer: Reallocating scene render targets to support 1112x616 Format 10 NumSamples 1 (Frame:2449).
[2020.12.13-15.06.02:568][406]LogRenderer: Reallocating scene render targets to support 1128x616 Format 10 NumSamples 1 (Frame:2451).
[2020.12.13-15.06.02:606][407]LogRenderer: Reallocating scene render targets to support 1136x616 Format 10 NumSamples 1 (Frame:2453).
[2020.12.13-15.06.02:643][408]LogRenderer: Reallocating scene render targets to support 1148x616 Format 10 NumSamples 1 (Frame:2455).
[2020.12.13-15.06.02:678][409]LogRenderer: Reallocating scene render targets to support 1160x616 Format 10 NumSamples 1 (Frame:2457).
[2020.12.13-15.06.02:716][410]LogRenderer: Reallocating scene render targets to support 1172x616 Format 10 NumSamples 1 (Frame:2459).
[2020.12.13-15.06.02:751][411]LogRenderer: Reallocating scene render targets to support 1180x616 Format 10 NumSamples 1 (Frame:2461).
[2020.12.13-15.07.46:405][317]LogAssetEditorManager: Opening Asset editor for LevelScriptBlueprint /Game/StarterContent/Maps/Minimal_Default.Minimal_Default:PersistentLevel.Minimal_Default
[2020.12.13-15.07.48:019][317]LogContentBrowser: Native class hierarchy updated for 'BlueprintGraph' in 0.0005 seconds. Added 117 classes and 0 folders.
[2020.12.13-15.07.48:816][317]LogSlate: Took 0.012041 seconds to synchronously load lazily loaded font '../../../Engine/Content/Slate/Fonts/Roboto-BoldCondensed.ttf' (158K)
[2020.12.13-15.25.46:178][593]LogEditorViewport: Clicking on Actor (LMB): StaticMeshActor (Floor)
[2020.12.13-15.25.49:156][903]LogEditorViewport: Clicking on Actor (LMB): StaticMeshActor (Floor)
[2020.12.13-15.25.50:733][ 88]LogEditorViewport: Clicking on Actor (LMB): StaticMeshActor (Floor)
[2020.12.13-15.25.51:656][195]LogEditorViewport: Clicking on Actor (LMB): StaticMeshActor (Chair)
[2020.12.13-15.25.53:097][364]Cmd: DELETE
[2020.12.13-15.25.53:097][364]Cmd: ACTOR DELETE
[2020.12.13-15.25.53:102][364]LogEditorActor: Deleted Actor: StaticMeshActor
[2020.12.13-15.25.53:126][364]LogEditorActor: Deleted 1 Actors (0.029 secs)
[2020.12.13-15.25.53:453][403]LogEditorViewport: Clicking on Actor (LMB): StaticMeshActor (Table)
[2020.12.13-15.25.53:644][422]Cmd: DELETE
[2020.12.13-15.25.53:644][422]Cmd: ACTOR DELETE
[2020.12.13-15.25.53:645][422]LogEditorActor: Deleted Actor: StaticMeshActor
[2020.12.13-15.25.53:667][422]LogEditorActor: Deleted 1 Actors (0.023 secs)
[2020.12.13-15.25.54:376][507]LogEditorViewport: Clicking on Actor (LMB): StaticMeshActor (Statue)
[2020.12.13-15.25.54:582][526]Cmd: DELETE
[2020.12.13-15.25.54:582][526]Cmd: ACTOR DELETE
[2020.12.13-15.25.54:582][526]LogEditorActor: Deleted Actor: StaticMeshActor
[2020.12.13-15.25.54:603][526]LogEditorActor: Deleted 1 Actors (0.022 secs)
[2020.12.13-15.25.55:151][592]LogEditorViewport: Clicking on Actor (LMB): StaticMeshActor (Chair)
[2020.12.13-15.25.55:317][608]Cmd: DELETE
[2020.12.13-15.25.55:317][608]Cmd: ACTOR DELETE
[2020.12.13-15.25.55:318][608]LogEditorActor: Deleted Actor: StaticMeshActor
[2020.12.13-15.25.55:339][608]LogEditorActor: Deleted 1 Actors (0.022 secs)
[2020.12.13-15.25.56:309][724]LogEditorViewport: Clicking on Actor (LMB): StaticMeshActor (Floor)
[2020.12.13-15.25.57:399][851]Cmd: DELETE
[2020.12.13-15.25.57:399][851]Cmd: ACTOR DELETE
[2020.12.13-15.25.57:400][851]LogEditorActor: Deleted Actor: StaticMeshActor
[2020.12.13-15.25.57:422][851]LogEditorActor: Deleted 1 Actors (0.023 secs)
[2020.12.13-15.25.57:789][895]LogEditorViewport: Clicking on Actor (LMB): StaticMeshActor (Floor)
[2020.12.13-15.26.03:907][622]Cmd: TRANSACTION UNDO
[2020.12.13-15.26.03:907][622]LogEditorTransaction: Undo Clicking on Actors
[2020.12.13-15.26.04:983][750]Cmd: TRANSACTION UNDO
[2020.12.13-15.26.04:983][750]LogEditorTransaction: Undo Delete Actors
[2020.12.13-15.26.05:653][826]LogEditorViewport: Clicking on Actor (LMB): StaticMeshActor (Floor)
[2020.12.13-15.26.05:998][866]LogEditorViewport: Clicking on Actor (LMB): StaticMeshActor (Floor)
[2020.12.13-15.26.06:396][910]LogEditorViewport: Clicking on Actor (LMB): StaticMeshActor (Floor)
[2020.12.13-15.26.06:795][954]LogEditorViewport: Clicking on Actor (LMB): StaticMeshActor (Floor)
[2020.12.13-15.26.11:479][512]LogEditorViewport: Clicking on Actor (LMB): StaticMeshActor (Floor)
[2020.12.13-15.26.12:587][641]Cmd: DELETE
[2020.12.13-15.26.12:587][641]Cmd: ACTOR DELETE
[2020.12.13-15.26.12:588][641]LogEditorActor: Deleted Actor: StaticMeshActor
[2020.12.13-15.26.12:610][641]LogEditorActor: Deleted 1 Actors (0.023 secs)
[2020.12.13-15.26.13:178][709]LogEditorViewport: Clicking on Actor (LMB): StaticMeshActor (Floor)
[2020.12.13-15.26.14:104][816]LogSlate: FSceneViewport::OnFocusLost() reason 0
[2020.12.13-15.26.16:449][ 95]LogEditorViewport: Clicking on Actor (LMB): StaticMeshActor (Floor)
[2020.12.13-15.26.26:613][311]LogSlate: FSceneViewport::OnFocusLost() reason 0
[2020.12.13-15.26.30:348][751]Cmd: BRUSH ADD SELECTNEWBRUSH
[2020.12.13-15.26.48:217][888]LogSlate: FSceneViewport::OnFocusLost() reason 0
[2020.12.13-15.27.11:385][659]LogSlate: FSceneViewport::OnFocusLost() reason 0
[2020.12.13-15.27.24:489][223]LogSlate: FSceneViewport::OnFocusLost() reason 0
[2020.12.13-15.27.46:919][898]LogSlate: FSceneViewport::OnFocusLost() reason 0
[2020.12.13-15.28.00:585][477]LogEditorViewport: Clicking on Actor (LMB): StaticMeshActor (Floor)
[2020.12.13-15.28.02:814][740]Cmd: DELETE
[2020.12.13-15.28.02:814][740]Cmd: ACTOR DELETE
[2020.12.13-15.28.02:816][740]LogEditorActor: Deleted Actor: StaticMeshActor
[2020.12.13-15.28.02:837][740]LogEditorActor: Deleted 1 Actors (0.023 secs)
[2020.12.13-15.28.04:769][968]LogSlate: FSceneViewport::OnFocusLost() reason 0
[2020.12.13-15.28.12:088][845]LogEditorViewport: Clicking on Actor (LMB): BP_Sky_Sphere_C (BP_Sky_Sphere)
[2020.12.13-15.28.18:250][569]LogSlate: FSceneViewport::OnFocusLost() reason 2
[2020.12.13-15.29.29:840][395]LogEditorViewport: Clicking on Actor (LMB): BP_Sky_Sphere_C (BP_Sky_Sphere)
[2020.12.13-15.29.34:240][914]LogSlate: FSceneViewport::OnFocusLost() reason 0
[2020.12.13-15.31.41:161][ 16]LogSlate: Took 0.208985 seconds to synchronously load lazily loaded font '../../../Engine/Content/Slate/Fonts/Roboto-Italic.ttf' (157K)
[2020.12.13-15.33.54:843][294]LogSavePackage: Moving '../../../../../../pliki/Sourcetree projects/programowanie/Level1/Saved/Minimal_Default_Auto1C84D516F471988965456AAACE139BB97.tmp' to '../../../../../../pliki/Sourcetree projects/programowanie/Level1/Saved/Autosaves/Game/StarterContent/Maps/Minimal_Default_Auto1.umap'
[2020.12.13-15.33.54:845][294]LogFileHelpers: Editor autosave (incl. sublevels) for '/Game/StarterContent/Maps/Minimal_Default' took 0.153
[2020.12.13-15.33.54:845][294]LogFileHelpers: Editor autosave (incl. sublevels) for all levels took 0.153
[2020.12.13-15.40.25:824][674]LogActorFactory: Actor Factory created Cube
[2020.12.13-15.40.26:999][801]LogActorFactory: Actor Factory created Cube
[2020.12.13-15.40.29:734][125]LogSlate: FSceneViewport::OnFocusLost() reason 0
[2020.12.13-15.40.48:765][357]LogSlate: FSceneViewport::OnFocusLost() reason 0
[2020.12.13-15.40.58:939][565]LogSlate: FSceneViewport::OnFocusLost() reason 0
[2020.12.13-15.41.05:631][363]LogSlate: FSceneViewport::OnFocusLost() reason 0
[2020.12.13-15.41.11:595][ 77]LogSlate: FSceneViewport::OnFocusLost() reason 0
[2020.12.13-15.41.22:250][344]LogSlate: FSceneViewport::OnFocusLost() reason 0
[2020.12.13-15.41.27:893][ 16]Cmd: DELETE
[2020.12.13-15.41.27:893][ 16]Cmd: ACTOR DELETE
[2020.12.13-15.41.27:895][ 16]LogEditorActor: Deleted Actor: Brush
[2020.12.13-15.41.27:920][ 16]LogEditorActor: Deleted 1 Actors (0.027 secs)
[2020.12.13-15.41.30:188][288]LogEditorViewport: Clicking on Actor (LMB): StaticMeshActor (Cube)
[2020.12.13-15.41.32:107][514]LogSlate: FSceneViewport::OnFocusLost() reason 0
[2020.12.13-15.42.40:944][972]LogEditorViewport: Clicking on Actor (LMB): StaticMeshActor (Cube_1)
[2020.12.13-15.42.41:463][ 33]LogEditorViewport: Clicking on Actor (LMB): StaticMeshActor (Cube_1)
[2020.12.13-15.42.41:567][ 44]LogEditorViewport: Clicking on Component (LMB): StaticMeshComponent (StaticMeshComponent0)
[2020.12.13-15.42.42:812][184]LogSlate: FSceneViewport::OnFocusLost() reason 0
[2020.12.13-15.43.32:093][701]LogSlate: FSceneViewport::OnFocusLost() reason 0
[2020.12.13-15.43.44:178][999]LogActorFactory: Actor Factory created Cube
[2020.12.13-15.43.45:607][161]LogActorFactory: Actor Factory created Cube
[2020.12.13-15.43.47:263][307]LogSlate: FSceneViewport::OnFocusLost() reason 0
[2020.12.13-15.43.55:201][180]BlueprintLog: New page: Compile Minimal_Default
[2020.12.13-15.43.55:206][180]LogBlueprint: Warning: [Compiler PersistentLevel.Minimal_Default] Add Static Mesh Component  was pruned because its Exec pin is not connected, the connected value is not available and will instead be read as default
[2020.12.13-15.43.55:207][180]LogBlueprint: Error: [Compiler PersistentLevel.Minimal_Default] This blueprint (self) is not a SceneComponent, therefore ' Target ' must have a connection.
[2020.12.13-15.43.55:207][180]LogBlueprint: Error: [Compiler PersistentLevel.Minimal_Default] This blueprint (self) is not a SceneComponent, therefore ' Target ' must have a connection.
[2020.12.13-15.43.55:207][180]LogBlueprint: Error: [Compiler PersistentLevel.Minimal_Default] This blueprint (self) is not a SceneComponent, therefore ' Target ' must have a connection.
[2020.12.13-15.43.55:207][180]LogBlueprint: Error: [Compiler PersistentLevel.Minimal_Default] This blueprint (self) is not a SceneComponent, therefore ' Target ' must have a connection.
[2020.12.13-15.43.55:551][180]LogBlueprint: Warning: [Compiler PersistentLevel.Minimal_Default] [2303,41] Compile of PersistentLevel.Minimal_Default failed. 4 Fatal Issue(s) 1 Warning(s) [in 350 ms] (/Game/StarterContent/Maps/Minimal_Default.Minimal_Default:PersistentLevel.Minimal_Default)
[2020.12.13-15.44.01:100][823]LogBlueprint: Warning: [Compiler PersistentLevel.Minimal_Default] Add Static Mesh Component  was pruned because its Exec pin is not connected, the connected value is not available and will instead be read as default
[2020.12.13-15.44.01:101][823]LogBlueprint: Error: [Compiler PersistentLevel.Minimal_Default] This blueprint (self) is not a SceneComponent, therefore ' Target ' must have a connection.
[2020.12.13-15.44.01:101][823]LogBlueprint: Error: [Compiler PersistentLevel.Minimal_Default] This blueprint (self) is not a SceneComponent, therefore ' Target ' must have a connection.
[2020.12.13-15.44.01:101][823]LogBlueprint: Error: [Compiler PersistentLevel.Minimal_Default] This blueprint (self) is not a SceneComponent, therefore ' Target ' must have a connection.
[2020.12.13-15.44.01:101][823]LogBlueprint: Error: [Compiler PersistentLevel.Minimal_Default] This blueprint (self) is not a SceneComponent, therefore ' Target ' must have a connection.
[2020.12.13-15.44.01:102][823]LogBlueprint: Warning: [Compiler PersistentLevel.Minimal_Default] [2308,96] Compile of PersistentLevel.Minimal_Default failed. 4 Fatal Issue(s) 1 Warning(s) [in 4 ms] (/Game/StarterContent/Maps/Minimal_Default.Minimal_Default:PersistentLevel.Minimal_Default)
[2020.12.13-15.44.01:229][823]LogSavePackage: Moving '../../../../../../pliki/Sourcetree projects/programowanie/Level1/Saved/Minimal_Default678FBAE3462858ACEF28339B21C34092.tmp' to '../../../../../../pliki/Sourcetree projects/programowanie/Level1/Content/StarterContent/Maps/Minimal_Default.umap'
[2020.12.13-15.44.01:239][823]LogFileHelpers: Saving map 'Minimal_Default' took 0.169
[2020.12.13-15.44.03:503][ 23]Cmd: DELETE
[2020.12.13-15.44.03:503][ 23]Cmd: ACTOR DELETE
[2020.12.13-15.44.03:505][ 23]LogEditorActor: Deleted Actor: StaticMeshActor
[2020.12.13-15.44.03:527][ 23]LogEditorActor: Deleted 1 Actors (0.024 secs)
[2020.12.13-15.44.04:146][ 97]LogEditorViewport: Clicking on Actor (LMB): StaticMeshActor (Cube_1)
[2020.12.13-15.44.04:947][188]LogSlate: FSceneViewport::OnFocusLost() reason 0
[2020.12.13-15.45.55:308][822]BlueprintLog: New page: Compile Minimal_Default
[2020.12.13-15.45.57:796][103]LogTemp: Repeating last play command: Selected Viewport
[2020.12.13-15.45.57:802][103]LogBlueprintUserMessages: Early PlayInEditor Detection: Level '/Game/StarterContent/Maps/Minimal_Default.Minimal_Default:PersistentLevel' has LevelScriptBlueprint '/Game/StarterContent/Maps/Minimal_Default.Minimal_Default:PersistentLevel.Minimal_Default' with GeneratedClass '/Game/StarterContent/Maps/Minimal_Default.Minimal_Default_C' with ClassGeneratedBy '/Game/StarterContent/Maps/Minimal_Default.Minimal_Default:PersistentLevel.Minimal_Default'
[2020.12.13-15.45.57:802][103]LogPlayLevel: PlayLevel: No blueprints needed recompiling
[2020.12.13-15.45.57:844][103]PIE: New page: PIE session: Minimal_Default (13 gru 2020, 17:45:57)
[2020.12.13-15.45.57:856][103]LogPlayLevel: Creating play world package: /Game/StarterContent/Maps/UEDPIE_0_Minimal_Default
[2020.12.13-15.45.57:859][103]LogPlayLevel: PIE: StaticDuplicateObject took: (0.002935s)
[2020.12.13-15.45.57:859][103]LogAIModule: Creating AISystem for world Minimal_Default
[2020.12.13-15.45.57:860][103]LogPlayLevel: PIE: World Init took: (0.000502s)
[2020.12.13-15.45.57:860][103]LogPlayLevel: PIE: Created PIE world by copying editor world from /Game/StarterContent/Maps/Minimal_Default.Minimal_Default to /Game/StarterContent/Maps/UEDPIE_0_Minimal_Default.Minimal_Default (0.003662s)
[2020.12.13-15.45.57:891][103]LogInit: XAudio2 using 'Głośniki (Realtek High Definition Audio)' : 2 channels at 48 kHz using 32 bits per sample (channel mask 0x3)
[2020.12.13-15.45.57:918][103]LogInit: FAudioDevice initialized.
[2020.12.13-15.45.57:957][103]LogLoad: Game class is 'GameModeBase'
[2020.12.13-15.45.57:994][103]LogWorld: Bringing World /Game/StarterContent/Maps/UEDPIE_0_Minimal_Default.Minimal_Default up for play (max tick rate 0) at 2020.12.13-16.45.57
[2020.12.13-15.45.57:995][103]LogWorld: Bringing up level for play took: 0.000643
[2020.12.13-15.45.58:015][103]LogContentBrowser: Native class hierarchy updated for 'MovieSceneCapture' in 0.0003 seconds. Added 20 classes and 0 folders.
[2020.12.13-15.45.58:015][103]LogBlueprintUserMessages: [Minimal_Default_C_3] nanananana
[2020.12.13-15.45.58:015][103]PIE: Play in editor start time for /Game/StarterContent/Maps/UEDPIE_0_Minimal_Default 0,847
[2020.12.13-15.45.58:016][103]LogBlueprintUserMessages: Late PlayInEditor Detection: Level '/Game/StarterContent/Maps/Minimal_Default.Minimal_Default:PersistentLevel' has LevelScriptBlueprint '/Game/StarterContent/Maps/Minimal_Default.Minimal_Default:PersistentLevel.Minimal_Default' with GeneratedClass '/Game/StarterContent/Maps/Minimal_Default.Minimal_Default_C' with ClassGeneratedBy '/Game/StarterContent/Maps/Minimal_Default.Minimal_Default:PersistentLevel.Minimal_Default'
[2020.12.13-15.45.59:789][307]LogBlueprintUserMessages: [Minimal_Default_C_3] batmaaaan
[2020.12.13-15.46.19:273][645]LogBlueprintUserMessages: Early EndPlayMap Detection: Level '/Game/StarterContent/Maps/Minimal_Default.Minimal_Default:PersistentLevel' has LevelScriptBlueprint '/Game/StarterContent/Maps/Minimal_Default.Minimal_Default:PersistentLevel.Minimal_Default' with GeneratedClass '/Game/StarterContent/Maps/Minimal_Default.Minimal_Default_C' with ClassGeneratedBy '/Game/StarterContent/Maps/Minimal_Default.Minimal_Default:PersistentLevel.Minimal_Default'
[2020.12.13-15.46.19:273][645]LogSlate: Updating window title bar state: overlay mode, drag disabled, window buttons hidden, title bar hidden
[2020.12.13-15.46.19:309][645]LogPlayLevel: Display: Shutting down PIE online subsystems
[2020.12.13-15.46.19:309][645]LogBlueprintUserMessages: Late EndPlayMap Detection: Level '/Game/StarterContent/Maps/Minimal_Default.Minimal_Default:PersistentLevel' has LevelScriptBlueprint '/Game/StarterContent/Maps/Minimal_Default.Minimal_Default:PersistentLevel.Minimal_Default' with GeneratedClass '/Game/StarterContent/Maps/Minimal_Default.Minimal_Default_C' with ClassGeneratedBy '/Game/StarterContent/Maps/Minimal_Default.Minimal_Default:PersistentLevel.Minimal_Default'
[2020.12.13-15.46.19:332][645]LogSlate: Updating window title bar state: overlay mode, drag disabled, window buttons hidden, title bar hidden
[2020.12.13-15.46.19:377][648]LogPlayLevel: Display: Destroying online subsystem :Context_4
[2020.12.13-15.46.21:250][872]LogEditorViewport: Clicking on Actor (LMB): PlayerStart (Player Start)
[2020.12.13-15.46.23:659][158]LogNavigationPoint: PostEditMove Clear paths rebuilt
[2020.12.13-15.46.29:646][856]LogNavigationPoint: PostEditMove Clear paths rebuilt
[2020.12.13-15.46.30:278][930]LogSlate: FSceneViewport::OnFocusLost() reason 0
[2020.12.13-15.46.30:353][939]LogTemp: Repeating last play command: Selected Viewport
[2020.12.13-15.46.30:358][939]LogBlueprintUserMessages: Early PlayInEditor Detection: Level '/Game/StarterContent/Maps/Minimal_Default.Minimal_Default:PersistentLevel' has LevelScriptBlueprint '/Game/StarterContent/Maps/Minimal_Default.Minimal_Default:PersistentLevel.Minimal_Default' with GeneratedClass '/Game/StarterContent/Maps/Minimal_Default.Minimal_Default_C' with ClassGeneratedBy '/Game/StarterContent/Maps/Minimal_Default.Minimal_Default:PersistentLevel.Minimal_Default'
[2020.12.13-15.46.30:358][939]LogPlayLevel: PlayLevel: No blueprints needed recompiling
[2020.12.13-15.46.30:358][939]PIE: New page: PIE session: Minimal_Default (13 gru 2020, 17:46:30)
[2020.12.13-15.46.30:359][939]LogPlayLevel: Creating play world package: /Game/StarterContent/Maps/UEDPIE_0_Minimal_Default
[2020.12.13-15.46.30:361][939]LogPlayLevel: PIE: StaticDuplicateObject took: (0.002742s)
[2020.12.13-15.46.30:362][939]LogAIModule: Creating AISystem for world Minimal_Default
[2020.12.13-15.46.30:362][939]LogPlayLevel: PIE: World Init took: (0.000485s)
[2020.12.13-15.46.30:362][939]LogPlayLevel: PIE: Created PIE world by copying editor world from /Game/StarterContent/Maps/Minimal_Default.Minimal_Default to /Game/StarterContent/Maps/UEDPIE_0_Minimal_Default.Minimal_Default (0.003332s)
[2020.12.13-15.46.30:392][939]LogInit: XAudio2 using 'Głośniki (Realtek High Definition Audio)' : 2 channels at 48 kHz using 32 bits per sample (channel mask 0x3)
[2020.12.13-15.46.30:417][939]LogInit: FAudioDevice initialized.
[2020.12.13-15.46.30:444][939]LogLoad: Game class is 'GameModeBase'
[2020.12.13-15.46.30:445][939]LogWorld: Bringing World /Game/StarterContent/Maps/UEDPIE_0_Minimal_Default.Minimal_Default up for play (max tick rate 0) at 2020.12.13-16.46.30
[2020.12.13-15.46.30:445][939]LogWorld: Bringing up level for play took: 0.000489
[2020.12.13-15.46.30:458][939]LogBlueprintUserMessages: [Minimal_Default_C_3] nanananana
[2020.12.13-15.46.30:458][939]PIE: Play in editor start time for /Game/StarterContent/Maps/UEDPIE_0_Minimal_Default -0,711
[2020.12.13-15.46.30:458][939]LogBlueprintUserMessages: Late PlayInEditor Detection: Level '/Game/StarterContent/Maps/Minimal_Default.Minimal_Default:PersistentLevel' has LevelScriptBlueprint '/Game/StarterContent/Maps/Minimal_Default.Minimal_Default:PersistentLevel.Minimal_Default' with GeneratedClass '/Game/StarterContent/Maps/Minimal_Default.Minimal_Default_C' with ClassGeneratedBy '/Game/StarterContent/Maps/Minimal_Default.Minimal_Default:PersistentLevel.Minimal_Default'
[2020.12.13-15.46.32:345][163]LogBlueprintUserMessages: [Minimal_Default_C_3] batmaaaan
[2020.12.13-15.46.33:962][357]LogBlueprintUserMessages: Early EndPlayMap Detection: Level '/Game/StarterContent/Maps/Minimal_Default.Minimal_Default:PersistentLevel' has LevelScriptBlueprint '/Game/StarterContent/Maps/Minimal_Default.Minimal_Default:PersistentLevel.Minimal_Default' with GeneratedClass '/Game/StarterContent/Maps/Minimal_Default.Minimal_Default_C' with ClassGeneratedBy '/Game/StarterContent/Maps/Minimal_Default.Minimal_Default:PersistentLevel.Minimal_Default'
[2020.12.13-15.46.33:962][357]LogSlate: Updating window title bar state: overlay mode, drag disabled, window buttons hidden, title bar hidden
[2020.12.13-15.46.33:997][357]LogPlayLevel: Display: Shutting down PIE online subsystems
[2020.12.13-15.46.33:997][357]LogBlueprintUserMessages: Late EndPlayMap Detection: Level '/Game/StarterContent/Maps/Minimal_Default.Minimal_Default:PersistentLevel' has LevelScriptBlueprint '/Game/StarterContent/Maps/Minimal_Default.Minimal_Default:PersistentLevel.Minimal_Default' with GeneratedClass '/Game/StarterContent/Maps/Minimal_Default.Minimal_Default_C' with ClassGeneratedBy '/Game/StarterContent/Maps/Minimal_Default.Minimal_Default:PersistentLevel.Minimal_Default'
[2020.12.13-15.46.34:020][357]LogSlate: Updating window title bar state: overlay mode, drag disabled, window buttons hidden, title bar hidden
[2020.12.13-15.46.34:062][360]LogPlayLevel: Display: Destroying online subsystem :Context_5
[2020.12.13-15.46.37:104][719]LogEditorViewport: Clicking on Actor (LMB): PlayerStart (Player Start)
[2020.12.13-15.46.38:286][852]LogNavigationPoint: PostEditMove Clear paths rebuilt
[2020.12.13-15.46.39:082][946]LogNavigationPoint: PostEditMove Clear paths rebuilt
[2020.12.13-15.46.39:669][ 15]LogSlate: FSceneViewport::OnFocusLost() reason 0
[2020.12.13-15.46.39:743][ 24]LogTemp: Repeating last play command: Selected Viewport
[2020.12.13-15.46.39:749][ 24]LogBlueprintUserMessages: Early PlayInEditor Detection: Level '/Game/StarterContent/Maps/Minimal_Default.Minimal_Default:PersistentLevel' has LevelScriptBlueprint '/Game/StarterContent/Maps/Minimal_Default.Minimal_Default:PersistentLevel.Minimal_Default' with GeneratedClass '/Game/StarterContent/Maps/Minimal_Default.Minimal_Default_C' with ClassGeneratedBy '/Game/StarterContent/Maps/Minimal_Default.Minimal_Default:PersistentLevel.Minimal_Default'
[2020.12.13-15.46.39:749][ 24]LogPlayLevel: PlayLevel: No blueprints needed recompiling
[2020.12.13-15.46.39:749][ 24]PIE: New page: PIE session: Minimal_Default (13 gru 2020, 17:46:39)
[2020.12.13-15.46.39:749][ 24]LogPlayLevel: Creating play world package: /Game/StarterContent/Maps/UEDPIE_0_Minimal_Default
[2020.12.13-15.46.39:752][ 24]LogPlayLevel: PIE: StaticDuplicateObject took: (0.002888s)
[2020.12.13-15.46.39:752][ 24]LogAIModule: Creating AISystem for world Minimal_Default
[2020.12.13-15.46.39:752][ 24]LogPlayLevel: PIE: World Init took: (0.000472s)
[2020.12.13-15.46.39:752][ 24]LogPlayLevel: PIE: Created PIE world by copying editor world from /Game/StarterContent/Maps/Minimal_Default.Minimal_Default to /Game/StarterContent/Maps/UEDPIE_0_Minimal_Default.Minimal_Default (0.003474s)
[2020.12.13-15.46.39:784][ 24]LogInit: XAudio2 using 'Głośniki (Realtek High Definition Audio)' : 2 channels at 48 kHz using 32 bits per sample (channel mask 0x3)
[2020.12.13-15.46.39:809][ 24]LogInit: FAudioDevice initialized.
[2020.12.13-15.46.39:837][ 24]LogLoad: Game class is 'GameModeBase'
[2020.12.13-15.46.39:838][ 24]LogWorld: Bringing World /Game/StarterContent/Maps/UEDPIE_0_Minimal_Default.Minimal_Default up for play (max tick rate 0) at 2020.12.13-16.46.39
[2020.12.13-15.46.39:839][ 24]LogWorld: Bringing up level for play took: 0.000488
[2020.12.13-15.46.39:850][ 24]LogBlueprintUserMessages: [Minimal_Default_C_3] nanananana
[2020.12.13-15.46.39:850][ 24]PIE: Play in editor start time for /Game/StarterContent/Maps/UEDPIE_0_Minimal_Default 0,682
[2020.12.13-15.46.39:850][ 24]LogBlueprintUserMessages: Late PlayInEditor Detection: Level '/Game/StarterContent/Maps/Minimal_Default.Minimal_Default:PersistentLevel' has LevelScriptBlueprint '/Game/StarterContent/Maps/Minimal_Default.Minimal_Default:PersistentLevel.Minimal_Default' with GeneratedClass '/Game/StarterContent/Maps/Minimal_Default.Minimal_Default_C' with ClassGeneratedBy '/Game/StarterContent/Maps/Minimal_Default.Minimal_Default:PersistentLevel.Minimal_Default'
[2020.12.13-15.46.41:736][248]LogBlueprintUserMessages: [Minimal_Default_C_3] batmaaaan
[2020.12.13-15.46.46:613][833]LogBlueprintUserMessages: Early EndPlayMap Detection: Level '/Game/StarterContent/Maps/Minimal_Default.Minimal_Default:PersistentLevel' has LevelScriptBlueprint '/Game/StarterContent/Maps/Minimal_Default.Minimal_Default:PersistentLevel.Minimal_Default' with GeneratedClass '/Game/StarterContent/Maps/Minimal_Default.Minimal_Default_C' with ClassGeneratedBy '/Game/StarterContent/Maps/Minimal_Default.Minimal_Default:PersistentLevel.Minimal_Default'
[2020.12.13-15.46.46:613][833]LogSlate: Updating window title bar state: overlay mode, drag disabled, window buttons hidden, title bar hidden
[2020.12.13-15.46.46:647][833]LogPlayLevel: Display: Shutting down PIE online subsystems
[2020.12.13-15.46.46:647][833]LogBlueprintUserMessages: Late EndPlayMap Detection: Level '/Game/StarterContent/Maps/Minimal_Default.Minimal_Default:PersistentLevel' has LevelScriptBlueprint '/Game/StarterContent/Maps/Minimal_Default.Minimal_Default:PersistentLevel.Minimal_Default' with GeneratedClass '/Game/StarterContent/Maps/Minimal_Default.Minimal_Default_C' with ClassGeneratedBy '/Game/StarterContent/Maps/Minimal_Default.Minimal_Default:PersistentLevel.Minimal_Default'
[2020.12.13-15.46.46:671][833]LogSlate: Updating window title bar state: overlay mode, drag disabled, window buttons hidden, title bar hidden
[2020.12.13-15.46.46:714][836]LogPlayLevel: Display: Destroying online subsystem :Context_6
[2020.12.13-15.46.49:393][157]LogSlate: FSceneViewport::OnFocusLost() reason 0
[2020.12.13-15.46.49:644][165]LogSavePackage: Moving '../../../../../../pliki/Sourcetree projects/programowanie/Level1/Saved/Minimal_DefaultDB00C25F4863671470068184DD1772CF.tmp' to '../../../../../../pliki/Sourcetree projects/programowanie/Level1/Content/StarterContent/Maps/Minimal_Default.umap'
[2020.12.13-15.46.49:724][165]LogSavePackage: Moving '../../../../../../pliki/Sourcetree projects/programowanie/Level1/Saved/Minimal_Default_BuiltDataE3A8434B41E9F7260EBF88B25EF718B7.tmp' to '../../../../../../pliki/Sourcetree projects/programowanie/Level1/Content/StarterContent/Maps/Minimal_Default_BuiltData.uasset'
[2020.12.13-15.49.05:285][503]LogSlate: FSceneViewport::OnFocusLost() reason 2
[2020.12.13-15.49.34:986][695]LogSlate: FSceneViewport::OnFocusLost() reason 0
[2020.12.13-15.49.35:240][704]LogSavePackage: Moving '../../../../../../pliki/Sourcetree projects/programowanie/Level1/Saved/Minimal_Default19556BDF415497145E553BA5AD4672FF.tmp' to '../../../../../../pliki/Sourcetree projects/programowanie/Level1/Content/StarterContent/Maps/Minimal_Default.umap'
[2020.12.13-15.49.35:277][704]LogSavePackage: Moving '../../../../../../pliki/Sourcetree projects/programowanie/Level1/Saved/Minimal_Default_BuiltData347FF58D4274801B6C9C3D87CBF01D0B.tmp' to '../../../../../../pliki/Sourcetree projects/programowanie/Level1/Content/StarterContent/Maps/Minimal_Default_BuiltData.uasset'
